<html>
<head>
<title>TestNG:  BankingApp Test</title>
<link href="../testng.css" rel="stylesheet" type="text/css" />
<link href="../my-testng.css" rel="stylesheet" type="text/css" />

<style type="text/css">
.log { display: none;} 
.stack-trace { display: none;} 
</style>
<script type="text/javascript">
<!--
function flip(e) {
  current = e.style.display;
  if (current == 'block') {
    e.style.display = 'none';
    return 0;
  }
  else {
    e.style.display = 'block';
    return 1;
  }
}

function toggleBox(szDivId, elem, msg1, msg2)
{
  var res = -1;  if (document.getElementById) {
    res = flip(document.getElementById(szDivId));
  }
  else if (document.all) {
    // this is the way old msie versions work
    res = flip(document.all[szDivId]);
  }
  if(elem) {
    if(res == 0) elem.innerHTML = msg1; else elem.innerHTML = msg2;
  }

}

function toggleAllBoxes() {
  if (document.getElementsByTagName) {
    d = document.getElementsByTagName('div');
    for (i = 0; i < d.length; i++) {
      if (d[i].className == 'log') {
        flip(d[i]);
      }
    }
  }
}

// -->
</script>

</head>
<body>
<h2 align='center'>BankingApp Test</h2><table border='1' align="center">
<tr>
<td>Tests passed/Failed/Skipped:</td><td>0/0/2</td>
</tr><tr>
<td>Started on:</td><td>Fri Dec 11 11:59:29 EST 2020</td>
</tr>
<tr><td>Total time:</td><td>1207 seconds (1207230 ms)</td>
</tr><tr>
<td>Included groups:</td><td></td>
</tr><tr>
<td>Excluded groups:</td><td></td>
</tr>
</table><p/>
<small><i>(Hover the method name to see the test class name)</i></small><p/>
<table width='100%' border='1' class='invocation-failed'>
<tr><td colspan='4' align='center'><b>FAILED CONFIGURATIONS</b></td></tr>
<tr><td><b>Test method</b></td>
<td width="30%"><b>Exception</b></td>
<td width="10%"><b>Time (seconds)</b></td>
<td><b>Instance</b></td>
</tr>
<tr>
<td title='com.inetBanking.testCases.TC_LoginTest_001.setup()'><b>setup</b><br>Test class: com.inetBanking.testCases.TC_LoginTest_001<br>Parameters: chrome</td>
<td><div><pre>org.openqa.selenium.SessionNotCreatedException: session not created
from timeout: Timed out receiving message from renderer: 600.000
  (Session info: chrome=87.0.4280.88)
Build info: version: &apos;3.141.59&apos;, revision: &apos;e82be7d358&apos;, time: &apos;2018-11-14T08:17:03&apos;
System info: host: &apos;DESKTOP-CSA67DT&apos;, ip: &apos;192.168.1.155&apos;, os.name: &apos;Windows 10&apos;, os.arch: &apos;amd64&apos;, os.version: &apos;10.0&apos;, java.version: &apos;15.0.1&apos;
Driver info: driver.version: ChromeDriver
remote stacktrace: Backtrace:
	Ordinal0 [0x0106C0C3+3326147]
	Ordinal0 [0x00F50851+2164817]
	Ordinal0 [0x00DD7298+619160]
	Ordinal0 [0x00DCB17F+569727]
	Ordinal0 [0x00DCA421+566305]
	Ordinal0 [0x00DCA815+567317]
	Ordinal0 [0x00DCA135+565557]
	Ordinal0 [0x00DD38B1+604337]
	Ordinal0 [0x00DCA0F1+565489]
	Ordinal0 [0x00DCAEA2+568994]
	Ordinal0 [0x00DCA421+566305]
	Ordinal0 [0x00DCA815+567317]
	Ordinal0 [0x00DCA135+565557]
	Ordinal0 [0x00DD1D2C+597292]
	Ordinal0 [0x00DCA0F1+565489]
	Ordinal0 [0x00DCAEA2+568994]
	Ordinal0 [0x00DCA421+566305]
	Ordinal0 [0x00DCA815+567317]
	Ordinal0 [0x00DCA135+565557]
	Ordinal0 [0x00DCFE62+589410]
	Ordinal0 [0x00DCA0F1+565489]
	Ordinal0 [0x00DCAEA2+568994]
	Ordinal0 [0x00DCA421+566305]
	Ordinal0 [0x00DCA815+567317]
	Ordinal0 [0x00DCA135+565557]
	Ordinal0 [0x00DCF075+585845]
	Ordinal0 [0x00DCA0F1+565489]
	Ordinal0 [0x00DCAEA2+568994]
	Ordinal0 [0x00DCA421+566305]
	Ordinal0 [0x00DCA815+567317]
	Ordinal0 [0x00DCA135+565557]
	Ordinal0 [0x00DC6776+550774]
	Ordinal0 [0x00DCA0F1+565489]
	Ordinal0 [0x00DC9F13+565011]
	Ordinal0 [0x00DC9D07+564487]
	Ordinal0 [0x00DD82C0+623296]
	Ordinal0 [0x00D76BDD+224221]
	Ordinal0 [0x00D75CAC+220332]
	Ordinal0 [0x00D7189B+202907]
	Ordinal0 [0x00D53DF4+81396]
	Ordinal0 [0x00D54DEE+85486]
	Ordinal0 [0x00D54D79+85369]
	Ordinal0 [0x00F685DC+2262492]
	GetHandleVerifier [0x011F2874+1487204]
	GetHandleVerifier [0x011F23CD+1486013]
	GetHandleVerifier [0x011FA368+1518680]
	GetHandleVerifier [0x011F2F4E+1488958]
	Ordinal0 [0x00F5ED0D+2223373]
	Ordinal0 [0x00F6A12B+2269483]
	Ordinal0 [0x00F6A26F+2269807]
	Ordinal0 [0x00F7ECB8+2354360]
	BaseThreadInitThunk [0x75E3FA29+25]
	RtlGetAppContainerNamedObjectPath [0x77AD75F4+228]
	RtlGetAppContainerNamedObjectPath [0x77AD75C4+180]

	at org.openqa.selenium.remote.W3CHandshakeResponse.lambda$errorHandler$0(W3CHandshakeResponse.java:62)
	at org.openqa.selenium.remote.HandshakeResponse.lambda$getResponseFunction$0(HandshakeResponse.java:30)
	at org.openqa.selenium.remote.ProtocolHandshake.lambda$createSession$0(ProtocolHandshake.java:126)
	at java.base/java.util.stream.ReferencePipeline$3$1.accept(ReferencePipeline.java:195)
	at java.base/java.util.Spliterators$ArraySpliterator.tryAdvance(Spliterators.java:958)
	at java.base/java.util.stream.ReferencePipeline.forEachWithCancel(ReferencePipeline.java:127)
	at java.base/java.util.stream.AbstractPipeline.copyIntoWithCancel(AbstractPipeline.java:502)
	at java.base/java.util.stream.AbstractPipeline.copyInto(AbstractPipeline.java:488)
	at java.base/java.util.stream.AbstractPipeline.wrapAndCopyInto(AbstractPipeline.java:474)
	at java.base/java.util.stream.FindOps$FindOp.evaluateSequential(FindOps.java:150)
	at java.base/java.util.stream.AbstractPipeline.evaluate(AbstractPipeline.java:234)
	at java.base/java.util.stream.ReferencePipeline.findFirst(ReferencePipeline.java:543)
	at org.openqa.selenium.remote.ProtocolHandshake.createSession(ProtocolHandshake.java:128)
	at org.openqa.selenium.remote.ProtocolHandshake.createSession(ProtocolHandshake.java:74)
	at org.openqa.selenium.remote.HttpCommandExecutor.execute(HttpCommandExecutor.java:136)
	at org.openqa.selenium.remote.service.DriverCommandExecutor.execute(DriverCommandExecutor.java:83)
	at org.openqa.selenium.remote.RemoteWebDriver.execute(RemoteWebDriver.java:552)
	at org.openqa.selenium.remote.RemoteWebDriver.startSession(RemoteWebDriver.java:213)
	at org.openqa.selenium.remote.RemoteWebDriver.&lt;init&gt;(RemoteWebDriver.java:131)
	at org.openqa.selenium.chrome.ChromeDriver.&lt;init&gt;(ChromeDriver.java:181)
	at org.openqa.selenium.chrome.ChromeDriver.&lt;init&gt;(ChromeDriver.java:168)
	at org.openqa.selenium.chrome.ChromeDriver.&lt;init&gt;(ChromeDriver.java:123)
	at com.inetBanking.testCases.BaseClass.setup(BaseClass.java:51)
	at java.base/java.util.ArrayList.forEach(ArrayList.java:1511)
... Removed 33 stack frames</pre></div><a href='#' onClick='toggleBox("stack-trace2083217543", this, "Click to show all stack frames", "Click to hide stack frames")'>Click to show all stack frames</a>
<div class='stack-trace' id='stack-trace2083217543'><pre>org.openqa.selenium.SessionNotCreatedException: session not created
from timeout: Timed out receiving message from renderer: 600.000
  (Session info: chrome=87.0.4280.88)
Build info: version: &apos;3.141.59&apos;, revision: &apos;e82be7d358&apos;, time: &apos;2018-11-14T08:17:03&apos;
System info: host: &apos;DESKTOP-CSA67DT&apos;, ip: &apos;192.168.1.155&apos;, os.name: &apos;Windows 10&apos;, os.arch: &apos;amd64&apos;, os.version: &apos;10.0&apos;, java.version: &apos;15.0.1&apos;
Driver info: driver.version: ChromeDriver
remote stacktrace: Backtrace:
	Ordinal0 [0x0106C0C3+3326147]
	Ordinal0 [0x00F50851+2164817]
	Ordinal0 [0x00DD7298+619160]
	Ordinal0 [0x00DCB17F+569727]
	Ordinal0 [0x00DCA421+566305]
	Ordinal0 [0x00DCA815+567317]
	Ordinal0 [0x00DCA135+565557]
	Ordinal0 [0x00DD38B1+604337]
	Ordinal0 [0x00DCA0F1+565489]
	Ordinal0 [0x00DCAEA2+568994]
	Ordinal0 [0x00DCA421+566305]
	Ordinal0 [0x00DCA815+567317]
	Ordinal0 [0x00DCA135+565557]
	Ordinal0 [0x00DD1D2C+597292]
	Ordinal0 [0x00DCA0F1+565489]
	Ordinal0 [0x00DCAEA2+568994]
	Ordinal0 [0x00DCA421+566305]
	Ordinal0 [0x00DCA815+567317]
	Ordinal0 [0x00DCA135+565557]
	Ordinal0 [0x00DCFE62+589410]
	Ordinal0 [0x00DCA0F1+565489]
	Ordinal0 [0x00DCAEA2+568994]
	Ordinal0 [0x00DCA421+566305]
	Ordinal0 [0x00DCA815+567317]
	Ordinal0 [0x00DCA135+565557]
	Ordinal0 [0x00DCF075+585845]
	Ordinal0 [0x00DCA0F1+565489]
	Ordinal0 [0x00DCAEA2+568994]
	Ordinal0 [0x00DCA421+566305]
	Ordinal0 [0x00DCA815+567317]
	Ordinal0 [0x00DCA135+565557]
	Ordinal0 [0x00DC6776+550774]
	Ordinal0 [0x00DCA0F1+565489]
	Ordinal0 [0x00DC9F13+565011]
	Ordinal0 [0x00DC9D07+564487]
	Ordinal0 [0x00DD82C0+623296]
	Ordinal0 [0x00D76BDD+224221]
	Ordinal0 [0x00D75CAC+220332]
	Ordinal0 [0x00D7189B+202907]
	Ordinal0 [0x00D53DF4+81396]
	Ordinal0 [0x00D54DEE+85486]
	Ordinal0 [0x00D54D79+85369]
	Ordinal0 [0x00F685DC+2262492]
	GetHandleVerifier [0x011F2874+1487204]
	GetHandleVerifier [0x011F23CD+1486013]
	GetHandleVerifier [0x011FA368+1518680]
	GetHandleVerifier [0x011F2F4E+1488958]
	Ordinal0 [0x00F5ED0D+2223373]
	Ordinal0 [0x00F6A12B+2269483]
	Ordinal0 [0x00F6A26F+2269807]
	Ordinal0 [0x00F7ECB8+2354360]
	BaseThreadInitThunk [0x75E3FA29+25]
	RtlGetAppContainerNamedObjectPath [0x77AD75F4+228]
	RtlGetAppContainerNamedObjectPath [0x77AD75C4+180]

	at java.base/jdk.internal.reflect.NativeConstructorAccessorImpl.newInstance0(Native Method)
	at java.base/jdk.internal.reflect.NativeConstructorAccessorImpl.newInstance(NativeConstructorAccessorImpl.java:64)
	at java.base/jdk.internal.reflect.DelegatingConstructorAccessorImpl.newInstance(DelegatingConstructorAccessorImpl.java:45)
	at java.base/java.lang.reflect.Constructor.newInstanceWithCaller(Constructor.java:500)
	at java.base/java.lang.reflect.Constructor.newInstance(Constructor.java:481)
	at org.openqa.selenium.remote.W3CHandshakeResponse.lambda$errorHandler$0(W3CHandshakeResponse.java:62)
	at org.openqa.selenium.remote.HandshakeResponse.lambda$getResponseFunction$0(HandshakeResponse.java:30)
	at org.openqa.selenium.remote.ProtocolHandshake.lambda$createSession$0(ProtocolHandshake.java:126)
	at java.base/java.util.stream.ReferencePipeline$3$1.accept(ReferencePipeline.java:195)
	at java.base/java.util.Spliterators$ArraySpliterator.tryAdvance(Spliterators.java:958)
	at java.base/java.util.stream.ReferencePipeline.forEachWithCancel(ReferencePipeline.java:127)
	at java.base/java.util.stream.AbstractPipeline.copyIntoWithCancel(AbstractPipeline.java:502)
	at java.base/java.util.stream.AbstractPipeline.copyInto(AbstractPipeline.java:488)
	at java.base/java.util.stream.AbstractPipeline.wrapAndCopyInto(AbstractPipeline.java:474)
	at java.base/java.util.stream.FindOps$FindOp.evaluateSequential(FindOps.java:150)
	at java.base/java.util.stream.AbstractPipeline.evaluate(AbstractPipeline.java:234)
	at java.base/java.util.stream.ReferencePipeline.findFirst(ReferencePipeline.java:543)
	at org.openqa.selenium.remote.ProtocolHandshake.createSession(ProtocolHandshake.java:128)
	at org.openqa.selenium.remote.ProtocolHandshake.createSession(ProtocolHandshake.java:74)
	at org.openqa.selenium.remote.HttpCommandExecutor.execute(HttpCommandExecutor.java:136)
	at org.openqa.selenium.remote.service.DriverCommandExecutor.execute(DriverCommandExecutor.java:83)
	at org.openqa.selenium.remote.RemoteWebDriver.execute(RemoteWebDriver.java:552)
	at org.openqa.selenium.remote.RemoteWebDriver.startSession(RemoteWebDriver.java:213)
	at org.openqa.selenium.remote.RemoteWebDriver.&lt;init&gt;(RemoteWebDriver.java:131)
	at org.openqa.selenium.chrome.ChromeDriver.&lt;init&gt;(ChromeDriver.java:181)
	at org.openqa.selenium.chrome.ChromeDriver.&lt;init&gt;(ChromeDriver.java:168)
	at org.openqa.selenium.chrome.ChromeDriver.&lt;init&gt;(ChromeDriver.java:123)
	at com.inetBanking.testCases.BaseClass.setup(BaseClass.java:51)
	at java.base/jdk.internal.reflect.NativeMethodAccessorImpl.invoke0(Native Method)
	at java.base/jdk.internal.reflect.NativeMethodAccessorImpl.invoke(NativeMethodAccessorImpl.java:64)
	at java.base/jdk.internal.reflect.DelegatingMethodAccessorImpl.invoke(DelegatingMethodAccessorImpl.java:43)
	at java.base/java.lang.reflect.Method.invoke(Method.java:564)
	at org.testng.internal.MethodInvocationHelper.invokeMethod(MethodInvocationHelper.java:134)
	at org.testng.internal.MethodInvocationHelper.invokeMethodConsideringTimeout(MethodInvocationHelper.java:63)
	at org.testng.internal.ConfigInvoker.invokeConfigurationMethod(ConfigInvoker.java:348)
	at org.testng.internal.ConfigInvoker.invokeConfigurations(ConfigInvoker.java:302)
	at org.testng.internal.TestMethodWorker.invokeBeforeClassMethods(TestMethodWorker.java:176)
	at org.testng.internal.TestMethodWorker.run(TestMethodWorker.java:122)
	at java.base/java.util.ArrayList.forEach(ArrayList.java:1511)
	at org.testng.TestRunner.privateRun(TestRunner.java:766)
	at org.testng.TestRunner.run(TestRunner.java:587)
	at org.testng.SuiteRunner.runTest(SuiteRunner.java:384)
	at org.testng.SuiteRunner.runSequentially(SuiteRunner.java:378)
	at org.testng.SuiteRunner.privateRun(SuiteRunner.java:337)
	at org.testng.SuiteRunner.run(SuiteRunner.java:286)
	at org.testng.SuiteRunnerWorker.runSuite(SuiteRunnerWorker.java:53)
	at org.testng.SuiteRunnerWorker.run(SuiteRunnerWorker.java:96)
	at org.testng.TestNG.runSuitesSequentially(TestNG.java:1187)
	at org.testng.TestNG.runSuitesLocally(TestNG.java:1109)
	at org.testng.TestNG.runSuites(TestNG.java:1039)
	at org.testng.TestNG.run(TestNG.java:1007)
	at org.apache.maven.surefire.testng.TestNGExecutor.run(TestNGExecutor.java:295)
	at org.apache.maven.surefire.testng.TestNGXmlTestSuite.execute(TestNGXmlTestSuite.java:84)
	at org.apache.maven.surefire.testng.TestNGProvider.invoke(TestNGProvider.java:90)
	at org.apache.maven.surefire.booter.ForkedBooter.invokeProviderInSameClassLoader(ForkedBooter.java:203)
	at org.apache.maven.surefire.booter.ForkedBooter.runSuitesInProcess(ForkedBooter.java:155)
	at org.apache.maven.surefire.booter.ForkedBooter.main(ForkedBooter.java:103)
</pre></div></td>
<td>603</td>
<td>com.inetBanking.testCases.TC_LoginTest_001@71248c21</td></tr>
<tr>
<td title='com.inetBanking.testCases.TC_AddCustomerTest_003.setup()'><b>setup</b><br>Test class: com.inetBanking.testCases.TC_AddCustomerTest_003<br>Parameters: chrome</td>
<td><div><pre>org.openqa.selenium.SessionNotCreatedException: session not created
from timeout: Timed out receiving message from renderer: 600.000
  (Session info: chrome=87.0.4280.88)
Build info: version: &apos;3.141.59&apos;, revision: &apos;e82be7d358&apos;, time: &apos;2018-11-14T08:17:03&apos;
System info: host: &apos;DESKTOP-CSA67DT&apos;, ip: &apos;192.168.1.155&apos;, os.name: &apos;Windows 10&apos;, os.arch: &apos;amd64&apos;, os.version: &apos;10.0&apos;, java.version: &apos;15.0.1&apos;
Driver info: driver.version: ChromeDriver
remote stacktrace: Backtrace:
	Ordinal0 [0x0106C0C3+3326147]
	Ordinal0 [0x00F50851+2164817]
	Ordinal0 [0x00DD7298+619160]
	Ordinal0 [0x00DCB17F+569727]
	Ordinal0 [0x00DCA421+566305]
	Ordinal0 [0x00DCA815+567317]
	Ordinal0 [0x00DCA135+565557]
	Ordinal0 [0x00DD38B1+604337]
	Ordinal0 [0x00DCA0F1+565489]
	Ordinal0 [0x00DCAEA2+568994]
	Ordinal0 [0x00DCA421+566305]
	Ordinal0 [0x00DCA815+567317]
	Ordinal0 [0x00DCA135+565557]
	Ordinal0 [0x00DD1D2C+597292]
	Ordinal0 [0x00DCA0F1+565489]
	Ordinal0 [0x00DCAEA2+568994]
	Ordinal0 [0x00DCA421+566305]
	Ordinal0 [0x00DCA815+567317]
	Ordinal0 [0x00DCA135+565557]
	Ordinal0 [0x00DCFE62+589410]
	Ordinal0 [0x00DCA0F1+565489]
	Ordinal0 [0x00DCAEA2+568994]
	Ordinal0 [0x00DCA421+566305]
	Ordinal0 [0x00DCA815+567317]
	Ordinal0 [0x00DCA135+565557]
	Ordinal0 [0x00DCF075+585845]
	Ordinal0 [0x00DCA0F1+565489]
	Ordinal0 [0x00DCAEA2+568994]
	Ordinal0 [0x00DCA421+566305]
	Ordinal0 [0x00DCA815+567317]
	Ordinal0 [0x00DCA135+565557]
	Ordinal0 [0x00DC6776+550774]
	Ordinal0 [0x00DCA0F1+565489]
	Ordinal0 [0x00DC9F13+565011]
	Ordinal0 [0x00DC9D07+564487]
	Ordinal0 [0x00DD82C0+623296]
	Ordinal0 [0x00D76BDD+224221]
	Ordinal0 [0x00D75CAC+220332]
	Ordinal0 [0x00D7189B+202907]
	Ordinal0 [0x00D53DF4+81396]
	Ordinal0 [0x00D54DEE+85486]
	Ordinal0 [0x00D54D79+85369]
	Ordinal0 [0x00F685DC+2262492]
	GetHandleVerifier [0x011F2874+1487204]
	GetHandleVerifier [0x011F23CD+1486013]
	GetHandleVerifier [0x011FA368+1518680]
	GetHandleVerifier [0x011F2F4E+1488958]
	Ordinal0 [0x00F5ED0D+2223373]
	Ordinal0 [0x00F6A12B+2269483]
	Ordinal0 [0x00F6A26F+2269807]
	Ordinal0 [0x00F7ECB8+2354360]
	BaseThreadInitThunk [0x75E3FA29+25]
	RtlGetAppContainerNamedObjectPath [0x77AD75F4+228]
	RtlGetAppContainerNamedObjectPath [0x77AD75C4+180]

	at org.openqa.selenium.remote.W3CHandshakeResponse.lambda$errorHandler$0(W3CHandshakeResponse.java:62)
	at org.openqa.selenium.remote.HandshakeResponse.lambda$getResponseFunction$0(HandshakeResponse.java:30)
	at org.openqa.selenium.remote.ProtocolHandshake.lambda$createSession$0(ProtocolHandshake.java:126)
	at java.base/java.util.stream.ReferencePipeline$3$1.accept(ReferencePipeline.java:195)
	at java.base/java.util.Spliterators$ArraySpliterator.tryAdvance(Spliterators.java:958)
	at java.base/java.util.stream.ReferencePipeline.forEachWithCancel(ReferencePipeline.java:127)
	at java.base/java.util.stream.AbstractPipeline.copyIntoWithCancel(AbstractPipeline.java:502)
	at java.base/java.util.stream.AbstractPipeline.copyInto(AbstractPipeline.java:488)
	at java.base/java.util.stream.AbstractPipeline.wrapAndCopyInto(AbstractPipeline.java:474)
	at java.base/java.util.stream.FindOps$FindOp.evaluateSequential(FindOps.java:150)
	at java.base/java.util.stream.AbstractPipeline.evaluate(AbstractPipeline.java:234)
	at java.base/java.util.stream.ReferencePipeline.findFirst(ReferencePipeline.java:543)
	at org.openqa.selenium.remote.ProtocolHandshake.createSession(ProtocolHandshake.java:128)
	at org.openqa.selenium.remote.ProtocolHandshake.createSession(ProtocolHandshake.java:74)
	at org.openqa.selenium.remote.HttpCommandExecutor.execute(HttpCommandExecutor.java:136)
	at org.openqa.selenium.remote.service.DriverCommandExecutor.execute(DriverCommandExecutor.java:83)
	at org.openqa.selenium.remote.RemoteWebDriver.execute(RemoteWebDriver.java:552)
	at org.openqa.selenium.remote.RemoteWebDriver.startSession(RemoteWebDriver.java:213)
	at org.openqa.selenium.remote.RemoteWebDriver.&lt;init&gt;(RemoteWebDriver.java:131)
	at org.openqa.selenium.chrome.ChromeDriver.&lt;init&gt;(ChromeDriver.java:181)
	at org.openqa.selenium.chrome.ChromeDriver.&lt;init&gt;(ChromeDriver.java:168)
	at org.openqa.selenium.chrome.ChromeDriver.&lt;init&gt;(ChromeDriver.java:123)
	at com.inetBanking.testCases.BaseClass.setup(BaseClass.java:51)
	at java.base/java.util.ArrayList.forEach(ArrayList.java:1511)
... Removed 33 stack frames</pre></div><a href='#' onClick='toggleBox("stack-trace883020319", this, "Click to show all stack frames", "Click to hide stack frames")'>Click to show all stack frames</a>
<div class='stack-trace' id='stack-trace883020319'><pre>org.openqa.selenium.SessionNotCreatedException: session not created
from timeout: Timed out receiving message from renderer: 600.000
  (Session info: chrome=87.0.4280.88)
Build info: version: &apos;3.141.59&apos;, revision: &apos;e82be7d358&apos;, time: &apos;2018-11-14T08:17:03&apos;
System info: host: &apos;DESKTOP-CSA67DT&apos;, ip: &apos;192.168.1.155&apos;, os.name: &apos;Windows 10&apos;, os.arch: &apos;amd64&apos;, os.version: &apos;10.0&apos;, java.version: &apos;15.0.1&apos;
Driver info: driver.version: ChromeDriver
remote stacktrace: Backtrace:
	Ordinal0 [0x0106C0C3+3326147]
	Ordinal0 [0x00F50851+2164817]
	Ordinal0 [0x00DD7298+619160]
	Ordinal0 [0x00DCB17F+569727]
	Ordinal0 [0x00DCA421+566305]
	Ordinal0 [0x00DCA815+567317]
	Ordinal0 [0x00DCA135+565557]
	Ordinal0 [0x00DD38B1+604337]
	Ordinal0 [0x00DCA0F1+565489]
	Ordinal0 [0x00DCAEA2+568994]
	Ordinal0 [0x00DCA421+566305]
	Ordinal0 [0x00DCA815+567317]
	Ordinal0 [0x00DCA135+565557]
	Ordinal0 [0x00DD1D2C+597292]
	Ordinal0 [0x00DCA0F1+565489]
	Ordinal0 [0x00DCAEA2+568994]
	Ordinal0 [0x00DCA421+566305]
	Ordinal0 [0x00DCA815+567317]
	Ordinal0 [0x00DCA135+565557]
	Ordinal0 [0x00DCFE62+589410]
	Ordinal0 [0x00DCA0F1+565489]
	Ordinal0 [0x00DCAEA2+568994]
	Ordinal0 [0x00DCA421+566305]
	Ordinal0 [0x00DCA815+567317]
	Ordinal0 [0x00DCA135+565557]
	Ordinal0 [0x00DCF075+585845]
	Ordinal0 [0x00DCA0F1+565489]
	Ordinal0 [0x00DCAEA2+568994]
	Ordinal0 [0x00DCA421+566305]
	Ordinal0 [0x00DCA815+567317]
	Ordinal0 [0x00DCA135+565557]
	Ordinal0 [0x00DC6776+550774]
	Ordinal0 [0x00DCA0F1+565489]
	Ordinal0 [0x00DC9F13+565011]
	Ordinal0 [0x00DC9D07+564487]
	Ordinal0 [0x00DD82C0+623296]
	Ordinal0 [0x00D76BDD+224221]
	Ordinal0 [0x00D75CAC+220332]
	Ordinal0 [0x00D7189B+202907]
	Ordinal0 [0x00D53DF4+81396]
	Ordinal0 [0x00D54DEE+85486]
	Ordinal0 [0x00D54D79+85369]
	Ordinal0 [0x00F685DC+2262492]
	GetHandleVerifier [0x011F2874+1487204]
	GetHandleVerifier [0x011F23CD+1486013]
	GetHandleVerifier [0x011FA368+1518680]
	GetHandleVerifier [0x011F2F4E+1488958]
	Ordinal0 [0x00F5ED0D+2223373]
	Ordinal0 [0x00F6A12B+2269483]
	Ordinal0 [0x00F6A26F+2269807]
	Ordinal0 [0x00F7ECB8+2354360]
	BaseThreadInitThunk [0x75E3FA29+25]
	RtlGetAppContainerNamedObjectPath [0x77AD75F4+228]
	RtlGetAppContainerNamedObjectPath [0x77AD75C4+180]

	at java.base/jdk.internal.reflect.NativeConstructorAccessorImpl.newInstance0(Native Method)
	at java.base/jdk.internal.reflect.NativeConstructorAccessorImpl.newInstance(NativeConstructorAccessorImpl.java:64)
	at java.base/jdk.internal.reflect.DelegatingConstructorAccessorImpl.newInstance(DelegatingConstructorAccessorImpl.java:45)
	at java.base/java.lang.reflect.Constructor.newInstanceWithCaller(Constructor.java:500)
	at java.base/java.lang.reflect.Constructor.newInstance(Constructor.java:481)
	at org.openqa.selenium.remote.W3CHandshakeResponse.lambda$errorHandler$0(W3CHandshakeResponse.java:62)
	at org.openqa.selenium.remote.HandshakeResponse.lambda$getResponseFunction$0(HandshakeResponse.java:30)
	at org.openqa.selenium.remote.ProtocolHandshake.lambda$createSession$0(ProtocolHandshake.java:126)
	at java.base/java.util.stream.ReferencePipeline$3$1.accept(ReferencePipeline.java:195)
	at java.base/java.util.Spliterators$ArraySpliterator.tryAdvance(Spliterators.java:958)
	at java.base/java.util.stream.ReferencePipeline.forEachWithCancel(ReferencePipeline.java:127)
	at java.base/java.util.stream.AbstractPipeline.copyIntoWithCancel(AbstractPipeline.java:502)
	at java.base/java.util.stream.AbstractPipeline.copyInto(AbstractPipeline.java:488)
	at java.base/java.util.stream.AbstractPipeline.wrapAndCopyInto(AbstractPipeline.java:474)
	at java.base/java.util.stream.FindOps$FindOp.evaluateSequential(FindOps.java:150)
	at java.base/java.util.stream.AbstractPipeline.evaluate(AbstractPipeline.java:234)
	at java.base/java.util.stream.ReferencePipeline.findFirst(ReferencePipeline.java:543)
	at org.openqa.selenium.remote.ProtocolHandshake.createSession(ProtocolHandshake.java:128)
	at org.openqa.selenium.remote.ProtocolHandshake.createSession(ProtocolHandshake.java:74)
	at org.openqa.selenium.remote.HttpCommandExecutor.execute(HttpCommandExecutor.java:136)
	at org.openqa.selenium.remote.service.DriverCommandExecutor.execute(DriverCommandExecutor.java:83)
	at org.openqa.selenium.remote.RemoteWebDriver.execute(RemoteWebDriver.java:552)
	at org.openqa.selenium.remote.RemoteWebDriver.startSession(RemoteWebDriver.java:213)
	at org.openqa.selenium.remote.RemoteWebDriver.&lt;init&gt;(RemoteWebDriver.java:131)
	at org.openqa.selenium.chrome.ChromeDriver.&lt;init&gt;(ChromeDriver.java:181)
	at org.openqa.selenium.chrome.ChromeDriver.&lt;init&gt;(ChromeDriver.java:168)
	at org.openqa.selenium.chrome.ChromeDriver.&lt;init&gt;(ChromeDriver.java:123)
	at com.inetBanking.testCases.BaseClass.setup(BaseClass.java:51)
	at java.base/jdk.internal.reflect.NativeMethodAccessorImpl.invoke0(Native Method)
	at java.base/jdk.internal.reflect.NativeMethodAccessorImpl.invoke(NativeMethodAccessorImpl.java:64)
	at java.base/jdk.internal.reflect.DelegatingMethodAccessorImpl.invoke(DelegatingMethodAccessorImpl.java:43)
	at java.base/java.lang.reflect.Method.invoke(Method.java:564)
	at org.testng.internal.MethodInvocationHelper.invokeMethod(MethodInvocationHelper.java:134)
	at org.testng.internal.MethodInvocationHelper.invokeMethodConsideringTimeout(MethodInvocationHelper.java:63)
	at org.testng.internal.ConfigInvoker.invokeConfigurationMethod(ConfigInvoker.java:348)
	at org.testng.internal.ConfigInvoker.invokeConfigurations(ConfigInvoker.java:302)
	at org.testng.internal.TestMethodWorker.invokeBeforeClassMethods(TestMethodWorker.java:176)
	at org.testng.internal.TestMethodWorker.run(TestMethodWorker.java:122)
	at java.base/java.util.ArrayList.forEach(ArrayList.java:1511)
	at org.testng.TestRunner.privateRun(TestRunner.java:766)
	at org.testng.TestRunner.run(TestRunner.java:587)
	at org.testng.SuiteRunner.runTest(SuiteRunner.java:384)
	at org.testng.SuiteRunner.runSequentially(SuiteRunner.java:378)
	at org.testng.SuiteRunner.privateRun(SuiteRunner.java:337)
	at org.testng.SuiteRunner.run(SuiteRunner.java:286)
	at org.testng.SuiteRunnerWorker.runSuite(SuiteRunnerWorker.java:53)
	at org.testng.SuiteRunnerWorker.run(SuiteRunnerWorker.java:96)
	at org.testng.TestNG.runSuitesSequentially(TestNG.java:1187)
	at org.testng.TestNG.runSuitesLocally(TestNG.java:1109)
	at org.testng.TestNG.runSuites(TestNG.java:1039)
	at org.testng.TestNG.run(TestNG.java:1007)
	at org.apache.maven.surefire.testng.TestNGExecutor.run(TestNGExecutor.java:295)
	at org.apache.maven.surefire.testng.TestNGXmlTestSuite.execute(TestNGXmlTestSuite.java:84)
	at org.apache.maven.surefire.testng.TestNGProvider.invoke(TestNGProvider.java:90)
	at org.apache.maven.surefire.booter.ForkedBooter.invokeProviderInSameClassLoader(ForkedBooter.java:203)
	at org.apache.maven.surefire.booter.ForkedBooter.runSuitesInProcess(ForkedBooter.java:155)
	at org.apache.maven.surefire.booter.ForkedBooter.main(ForkedBooter.java:103)
</pre></div></td>
<td>603</td>
<td>com.inetBanking.testCases.TC_AddCustomerTest_003@442675e1</td></tr>
</table><p>
<table width='100%' border='1' class='invocation-skipped'>
<tr><td colspan='4' align='center'><b>SKIPPED CONFIGURATIONS</b></td></tr>
<tr><td><b>Test method</b></td>
<td width="30%"><b>Exception</b></td>
<td width="10%"><b>Time (seconds)</b></td>
<td><b>Instance</b></td>
</tr>
<tr>
<td title='com.inetBanking.testCases.TC_LoginTest_001.tearDown()'><b>tearDown</b><br>Test class: com.inetBanking.testCases.TC_LoginTest_001</td>
<td></td>
<td>-1607706573</td>
<td>com.inetBanking.testCases.TC_LoginTest_001@71248c21</td></tr>
<tr>
<td title='com.inetBanking.testCases.TC_AddCustomerTest_003.tearDown()'><b>tearDown</b><br>Test class: com.inetBanking.testCases.TC_AddCustomerTest_003</td>
<td></td>
<td>-1607707176</td>
<td>com.inetBanking.testCases.TC_AddCustomerTest_003@442675e1</td></tr>
</table><p>
<table width='100%' border='1' class='invocation-skipped'>
<tr><td colspan='4' align='center'><b>SKIPPED TESTS</b></td></tr>
<tr><td><b>Test method</b></td>
<td width="30%"><b>Exception</b></td>
<td width="10%"><b>Time (seconds)</b></td>
<td><b>Instance</b></td>
</tr>
<tr>
<td title='com.inetBanking.testCases.TC_AddCustomerTest_003.addNewCustomer()'><b>addNewCustomer</b><br>Test class: com.inetBanking.testCases.TC_AddCustomerTest_003</td>
<td><div><pre>org.openqa.selenium.SessionNotCreatedException: session not created
from timeout: Timed out receiving message from renderer: 600.000
  (Session info: chrome=87.0.4280.88)
Build info: version: &apos;3.141.59&apos;, revision: &apos;e82be7d358&apos;, time: &apos;2018-11-14T08:17:03&apos;
System info: host: &apos;DESKTOP-CSA67DT&apos;, ip: &apos;192.168.1.155&apos;, os.name: &apos;Windows 10&apos;, os.arch: &apos;amd64&apos;, os.version: &apos;10.0&apos;, java.version: &apos;15.0.1&apos;
Driver info: driver.version: ChromeDriver
remote stacktrace: Backtrace:
	Ordinal0 [0x0106C0C3+3326147]
	Ordinal0 [0x00F50851+2164817]
	Ordinal0 [0x00DD7298+619160]
	Ordinal0 [0x00DCB17F+569727]
	Ordinal0 [0x00DCA421+566305]
	Ordinal0 [0x00DCA815+567317]
	Ordinal0 [0x00DCA135+565557]
	Ordinal0 [0x00DD38B1+604337]
	Ordinal0 [0x00DCA0F1+565489]
	Ordinal0 [0x00DCAEA2+568994]
	Ordinal0 [0x00DCA421+566305]
	Ordinal0 [0x00DCA815+567317]
	Ordinal0 [0x00DCA135+565557]
	Ordinal0 [0x00DD1D2C+597292]
	Ordinal0 [0x00DCA0F1+565489]
	Ordinal0 [0x00DCAEA2+568994]
	Ordinal0 [0x00DCA421+566305]
	Ordinal0 [0x00DCA815+567317]
	Ordinal0 [0x00DCA135+565557]
	Ordinal0 [0x00DCFE62+589410]
	Ordinal0 [0x00DCA0F1+565489]
	Ordinal0 [0x00DCAEA2+568994]
	Ordinal0 [0x00DCA421+566305]
	Ordinal0 [0x00DCA815+567317]
	Ordinal0 [0x00DCA135+565557]
	Ordinal0 [0x00DCF075+585845]
	Ordinal0 [0x00DCA0F1+565489]
	Ordinal0 [0x00DCAEA2+568994]
	Ordinal0 [0x00DCA421+566305]
	Ordinal0 [0x00DCA815+567317]
	Ordinal0 [0x00DCA135+565557]
	Ordinal0 [0x00DC6776+550774]
	Ordinal0 [0x00DCA0F1+565489]
	Ordinal0 [0x00DC9F13+565011]
	Ordinal0 [0x00DC9D07+564487]
	Ordinal0 [0x00DD82C0+623296]
	Ordinal0 [0x00D76BDD+224221]
	Ordinal0 [0x00D75CAC+220332]
	Ordinal0 [0x00D7189B+202907]
	Ordinal0 [0x00D53DF4+81396]
	Ordinal0 [0x00D54DEE+85486]
	Ordinal0 [0x00D54D79+85369]
	Ordinal0 [0x00F685DC+2262492]
	GetHandleVerifier [0x011F2874+1487204]
	GetHandleVerifier [0x011F23CD+1486013]
	GetHandleVerifier [0x011FA368+1518680]
	GetHandleVerifier [0x011F2F4E+1488958]
	Ordinal0 [0x00F5ED0D+2223373]
	Ordinal0 [0x00F6A12B+2269483]
	Ordinal0 [0x00F6A26F+2269807]
	Ordinal0 [0x00F7ECB8+2354360]
	BaseThreadInitThunk [0x75E3FA29+25]
	RtlGetAppContainerNamedObjectPath [0x77AD75F4+228]
	RtlGetAppContainerNamedObjectPath [0x77AD75C4+180]

	at org.openqa.selenium.remote.W3CHandshakeResponse.lambda$errorHandler$0(W3CHandshakeResponse.java:62)
	at org.openqa.selenium.remote.HandshakeResponse.lambda$getResponseFunction$0(HandshakeResponse.java:30)
	at org.openqa.selenium.remote.ProtocolHandshake.lambda$createSession$0(ProtocolHandshake.java:126)
	at java.base/java.util.stream.ReferencePipeline$3$1.accept(ReferencePipeline.java:195)
	at java.base/java.util.Spliterators$ArraySpliterator.tryAdvance(Spliterators.java:958)
	at java.base/java.util.stream.ReferencePipeline.forEachWithCancel(ReferencePipeline.java:127)
	at java.base/java.util.stream.AbstractPipeline.copyIntoWithCancel(AbstractPipeline.java:502)
	at java.base/java.util.stream.AbstractPipeline.copyInto(AbstractPipeline.java:488)
	at java.base/java.util.stream.AbstractPipeline.wrapAndCopyInto(AbstractPipeline.java:474)
	at java.base/java.util.stream.FindOps$FindOp.evaluateSequential(FindOps.java:150)
	at java.base/java.util.stream.AbstractPipeline.evaluate(AbstractPipeline.java:234)
	at java.base/java.util.stream.ReferencePipeline.findFirst(ReferencePipeline.java:543)
	at org.openqa.selenium.remote.ProtocolHandshake.createSession(ProtocolHandshake.java:128)
	at org.openqa.selenium.remote.ProtocolHandshake.createSession(ProtocolHandshake.java:74)
	at org.openqa.selenium.remote.HttpCommandExecutor.execute(HttpCommandExecutor.java:136)
	at org.openqa.selenium.remote.service.DriverCommandExecutor.execute(DriverCommandExecutor.java:83)
	at org.openqa.selenium.remote.RemoteWebDriver.execute(RemoteWebDriver.java:552)
	at org.openqa.selenium.remote.RemoteWebDriver.startSession(RemoteWebDriver.java:213)
	at org.openqa.selenium.remote.RemoteWebDriver.&lt;init&gt;(RemoteWebDriver.java:131)
	at org.openqa.selenium.chrome.ChromeDriver.&lt;init&gt;(ChromeDriver.java:181)
	at org.openqa.selenium.chrome.ChromeDriver.&lt;init&gt;(ChromeDriver.java:168)
	at org.openqa.selenium.chrome.ChromeDriver.&lt;init&gt;(ChromeDriver.java:123)
	at com.inetBanking.testCases.BaseClass.setup(BaseClass.java:51)
	at java.base/java.util.ArrayList.forEach(ArrayList.java:1511)
... Removed 33 stack frames</pre></div><a href='#' onClick='toggleBox("stack-trace1488946768", this, "Click to show all stack frames", "Click to hide stack frames")'>Click to show all stack frames</a>
<div class='stack-trace' id='stack-trace1488946768'><pre>org.openqa.selenium.SessionNotCreatedException: session not created
from timeout: Timed out receiving message from renderer: 600.000
  (Session info: chrome=87.0.4280.88)
Build info: version: &apos;3.141.59&apos;, revision: &apos;e82be7d358&apos;, time: &apos;2018-11-14T08:17:03&apos;
System info: host: &apos;DESKTOP-CSA67DT&apos;, ip: &apos;192.168.1.155&apos;, os.name: &apos;Windows 10&apos;, os.arch: &apos;amd64&apos;, os.version: &apos;10.0&apos;, java.version: &apos;15.0.1&apos;
Driver info: driver.version: ChromeDriver
remote stacktrace: Backtrace:
	Ordinal0 [0x0106C0C3+3326147]
	Ordinal0 [0x00F50851+2164817]
	Ordinal0 [0x00DD7298+619160]
	Ordinal0 [0x00DCB17F+569727]
	Ordinal0 [0x00DCA421+566305]
	Ordinal0 [0x00DCA815+567317]
	Ordinal0 [0x00DCA135+565557]
	Ordinal0 [0x00DD38B1+604337]
	Ordinal0 [0x00DCA0F1+565489]
	Ordinal0 [0x00DCAEA2+568994]
	Ordinal0 [0x00DCA421+566305]
	Ordinal0 [0x00DCA815+567317]
	Ordinal0 [0x00DCA135+565557]
	Ordinal0 [0x00DD1D2C+597292]
	Ordinal0 [0x00DCA0F1+565489]
	Ordinal0 [0x00DCAEA2+568994]
	Ordinal0 [0x00DCA421+566305]
	Ordinal0 [0x00DCA815+567317]
	Ordinal0 [0x00DCA135+565557]
	Ordinal0 [0x00DCFE62+589410]
	Ordinal0 [0x00DCA0F1+565489]
	Ordinal0 [0x00DCAEA2+568994]
	Ordinal0 [0x00DCA421+566305]
	Ordinal0 [0x00DCA815+567317]
	Ordinal0 [0x00DCA135+565557]
	Ordinal0 [0x00DCF075+585845]
	Ordinal0 [0x00DCA0F1+565489]
	Ordinal0 [0x00DCAEA2+568994]
	Ordinal0 [0x00DCA421+566305]
	Ordinal0 [0x00DCA815+567317]
	Ordinal0 [0x00DCA135+565557]
	Ordinal0 [0x00DC6776+550774]
	Ordinal0 [0x00DCA0F1+565489]
	Ordinal0 [0x00DC9F13+565011]
	Ordinal0 [0x00DC9D07+564487]
	Ordinal0 [0x00DD82C0+623296]
	Ordinal0 [0x00D76BDD+224221]
	Ordinal0 [0x00D75CAC+220332]
	Ordinal0 [0x00D7189B+202907]
	Ordinal0 [0x00D53DF4+81396]
	Ordinal0 [0x00D54DEE+85486]
	Ordinal0 [0x00D54D79+85369]
	Ordinal0 [0x00F685DC+2262492]
	GetHandleVerifier [0x011F2874+1487204]
	GetHandleVerifier [0x011F23CD+1486013]
	GetHandleVerifier [0x011FA368+1518680]
	GetHandleVerifier [0x011F2F4E+1488958]
	Ordinal0 [0x00F5ED0D+2223373]
	Ordinal0 [0x00F6A12B+2269483]
	Ordinal0 [0x00F6A26F+2269807]
	Ordinal0 [0x00F7ECB8+2354360]
	BaseThreadInitThunk [0x75E3FA29+25]
	RtlGetAppContainerNamedObjectPath [0x77AD75F4+228]
	RtlGetAppContainerNamedObjectPath [0x77AD75C4+180]

	at java.base/jdk.internal.reflect.NativeConstructorAccessorImpl.newInstance0(Native Method)
	at java.base/jdk.internal.reflect.NativeConstructorAccessorImpl.newInstance(NativeConstructorAccessorImpl.java:64)
	at java.base/jdk.internal.reflect.DelegatingConstructorAccessorImpl.newInstance(DelegatingConstructorAccessorImpl.java:45)
	at java.base/java.lang.reflect.Constructor.newInstanceWithCaller(Constructor.java:500)
	at java.base/java.lang.reflect.Constructor.newInstance(Constructor.java:481)
	at org.openqa.selenium.remote.W3CHandshakeResponse.lambda$errorHandler$0(W3CHandshakeResponse.java:62)
	at org.openqa.selenium.remote.HandshakeResponse.lambda$getResponseFunction$0(HandshakeResponse.java:30)
	at org.openqa.selenium.remote.ProtocolHandshake.lambda$createSession$0(ProtocolHandshake.java:126)
	at java.base/java.util.stream.ReferencePipeline$3$1.accept(ReferencePipeline.java:195)
	at java.base/java.util.Spliterators$ArraySpliterator.tryAdvance(Spliterators.java:958)
	at java.base/java.util.stream.ReferencePipeline.forEachWithCancel(ReferencePipeline.java:127)
	at java.base/java.util.stream.AbstractPipeline.copyIntoWithCancel(AbstractPipeline.java:502)
	at java.base/java.util.stream.AbstractPipeline.copyInto(AbstractPipeline.java:488)
	at java.base/java.util.stream.AbstractPipeline.wrapAndCopyInto(AbstractPipeline.java:474)
	at java.base/java.util.stream.FindOps$FindOp.evaluateSequential(FindOps.java:150)
	at java.base/java.util.stream.AbstractPipeline.evaluate(AbstractPipeline.java:234)
	at java.base/java.util.stream.ReferencePipeline.findFirst(ReferencePipeline.java:543)
	at org.openqa.selenium.remote.ProtocolHandshake.createSession(ProtocolHandshake.java:128)
	at org.openqa.selenium.remote.ProtocolHandshake.createSession(ProtocolHandshake.java:74)
	at org.openqa.selenium.remote.HttpCommandExecutor.execute(HttpCommandExecutor.java:136)
	at org.openqa.selenium.remote.service.DriverCommandExecutor.execute(DriverCommandExecutor.java:83)
	at org.openqa.selenium.remote.RemoteWebDriver.execute(RemoteWebDriver.java:552)
	at org.openqa.selenium.remote.RemoteWebDriver.startSession(RemoteWebDriver.java:213)
	at org.openqa.selenium.remote.RemoteWebDriver.&lt;init&gt;(RemoteWebDriver.java:131)
	at org.openqa.selenium.chrome.ChromeDriver.&lt;init&gt;(ChromeDriver.java:181)
	at org.openqa.selenium.chrome.ChromeDriver.&lt;init&gt;(ChromeDriver.java:168)
	at org.openqa.selenium.chrome.ChromeDriver.&lt;init&gt;(ChromeDriver.java:123)
	at com.inetBanking.testCases.BaseClass.setup(BaseClass.java:51)
	at java.base/jdk.internal.reflect.NativeMethodAccessorImpl.invoke0(Native Method)
	at java.base/jdk.internal.reflect.NativeMethodAccessorImpl.invoke(NativeMethodAccessorImpl.java:64)
	at java.base/jdk.internal.reflect.DelegatingMethodAccessorImpl.invoke(DelegatingMethodAccessorImpl.java:43)
	at java.base/java.lang.reflect.Method.invoke(Method.java:564)
	at org.testng.internal.MethodInvocationHelper.invokeMethod(MethodInvocationHelper.java:134)
	at org.testng.internal.MethodInvocationHelper.invokeMethodConsideringTimeout(MethodInvocationHelper.java:63)
	at org.testng.internal.ConfigInvoker.invokeConfigurationMethod(ConfigInvoker.java:348)
	at org.testng.internal.ConfigInvoker.invokeConfigurations(ConfigInvoker.java:302)
	at org.testng.internal.TestMethodWorker.invokeBeforeClassMethods(TestMethodWorker.java:176)
	at org.testng.internal.TestMethodWorker.run(TestMethodWorker.java:122)
	at java.base/java.util.ArrayList.forEach(ArrayList.java:1511)
	at org.testng.TestRunner.privateRun(TestRunner.java:766)
	at org.testng.TestRunner.run(TestRunner.java:587)
	at org.testng.SuiteRunner.runTest(SuiteRunner.java:384)
	at org.testng.SuiteRunner.runSequentially(SuiteRunner.java:378)
	at org.testng.SuiteRunner.privateRun(SuiteRunner.java:337)
	at org.testng.SuiteRunner.run(SuiteRunner.java:286)
	at org.testng.SuiteRunnerWorker.runSuite(SuiteRunnerWorker.java:53)
	at org.testng.SuiteRunnerWorker.run(SuiteRunnerWorker.java:96)
	at org.testng.TestNG.runSuitesSequentially(TestNG.java:1187)
	at org.testng.TestNG.runSuitesLocally(TestNG.java:1109)
	at org.testng.TestNG.runSuites(TestNG.java:1039)
	at org.testng.TestNG.run(TestNG.java:1007)
	at org.apache.maven.surefire.testng.TestNGExecutor.run(TestNGExecutor.java:295)
	at org.apache.maven.surefire.testng.TestNGXmlTestSuite.execute(TestNGXmlTestSuite.java:84)
	at org.apache.maven.surefire.testng.TestNGProvider.invoke(TestNGProvider.java:90)
	at org.apache.maven.surefire.booter.ForkedBooter.invokeProviderInSameClassLoader(ForkedBooter.java:203)
	at org.apache.maven.surefire.booter.ForkedBooter.runSuitesInProcess(ForkedBooter.java:155)
	at org.apache.maven.surefire.booter.ForkedBooter.main(ForkedBooter.java:103)
</pre></div></td>
<td>0</td>
<td>com.inetBanking.testCases.TC_AddCustomerTest_003@442675e1</td></tr>
<tr>
<td title='com.inetBanking.testCases.TC_LoginTest_001.loginTest()'><b>loginTest</b><br>Test class: com.inetBanking.testCases.TC_LoginTest_001</td>
<td><div><pre>org.openqa.selenium.SessionNotCreatedException: session not created
from timeout: Timed out receiving message from renderer: 600.000
  (Session info: chrome=87.0.4280.88)
Build info: version: &apos;3.141.59&apos;, revision: &apos;e82be7d358&apos;, time: &apos;2018-11-14T08:17:03&apos;
System info: host: &apos;DESKTOP-CSA67DT&apos;, ip: &apos;192.168.1.155&apos;, os.name: &apos;Windows 10&apos;, os.arch: &apos;amd64&apos;, os.version: &apos;10.0&apos;, java.version: &apos;15.0.1&apos;
Driver info: driver.version: ChromeDriver
remote stacktrace: Backtrace:
	Ordinal0 [0x0106C0C3+3326147]
	Ordinal0 [0x00F50851+2164817]
	Ordinal0 [0x00DD7298+619160]
	Ordinal0 [0x00DCB17F+569727]
	Ordinal0 [0x00DCA421+566305]
	Ordinal0 [0x00DCA815+567317]
	Ordinal0 [0x00DCA135+565557]
	Ordinal0 [0x00DD38B1+604337]
	Ordinal0 [0x00DCA0F1+565489]
	Ordinal0 [0x00DCAEA2+568994]
	Ordinal0 [0x00DCA421+566305]
	Ordinal0 [0x00DCA815+567317]
	Ordinal0 [0x00DCA135+565557]
	Ordinal0 [0x00DD1D2C+597292]
	Ordinal0 [0x00DCA0F1+565489]
	Ordinal0 [0x00DCAEA2+568994]
	Ordinal0 [0x00DCA421+566305]
	Ordinal0 [0x00DCA815+567317]
	Ordinal0 [0x00DCA135+565557]
	Ordinal0 [0x00DCFE62+589410]
	Ordinal0 [0x00DCA0F1+565489]
	Ordinal0 [0x00DCAEA2+568994]
	Ordinal0 [0x00DCA421+566305]
	Ordinal0 [0x00DCA815+567317]
	Ordinal0 [0x00DCA135+565557]
	Ordinal0 [0x00DCF075+585845]
	Ordinal0 [0x00DCA0F1+565489]
	Ordinal0 [0x00DCAEA2+568994]
	Ordinal0 [0x00DCA421+566305]
	Ordinal0 [0x00DCA815+567317]
	Ordinal0 [0x00DCA135+565557]
	Ordinal0 [0x00DC6776+550774]
	Ordinal0 [0x00DCA0F1+565489]
	Ordinal0 [0x00DC9F13+565011]
	Ordinal0 [0x00DC9D07+564487]
	Ordinal0 [0x00DD82C0+623296]
	Ordinal0 [0x00D76BDD+224221]
	Ordinal0 [0x00D75CAC+220332]
	Ordinal0 [0x00D7189B+202907]
	Ordinal0 [0x00D53DF4+81396]
	Ordinal0 [0x00D54DEE+85486]
	Ordinal0 [0x00D54D79+85369]
	Ordinal0 [0x00F685DC+2262492]
	GetHandleVerifier [0x011F2874+1487204]
	GetHandleVerifier [0x011F23CD+1486013]
	GetHandleVerifier [0x011FA368+1518680]
	GetHandleVerifier [0x011F2F4E+1488958]
	Ordinal0 [0x00F5ED0D+2223373]
	Ordinal0 [0x00F6A12B+2269483]
	Ordinal0 [0x00F6A26F+2269807]
	Ordinal0 [0x00F7ECB8+2354360]
	BaseThreadInitThunk [0x75E3FA29+25]
	RtlGetAppContainerNamedObjectPath [0x77AD75F4+228]
	RtlGetAppContainerNamedObjectPath [0x77AD75C4+180]

	at org.openqa.selenium.remote.W3CHandshakeResponse.lambda$errorHandler$0(W3CHandshakeResponse.java:62)
	at org.openqa.selenium.remote.HandshakeResponse.lambda$getResponseFunction$0(HandshakeResponse.java:30)
	at org.openqa.selenium.remote.ProtocolHandshake.lambda$createSession$0(ProtocolHandshake.java:126)
	at java.base/java.util.stream.ReferencePipeline$3$1.accept(ReferencePipeline.java:195)
	at java.base/java.util.Spliterators$ArraySpliterator.tryAdvance(Spliterators.java:958)
	at java.base/java.util.stream.ReferencePipeline.forEachWithCancel(ReferencePipeline.java:127)
	at java.base/java.util.stream.AbstractPipeline.copyIntoWithCancel(AbstractPipeline.java:502)
	at java.base/java.util.stream.AbstractPipeline.copyInto(AbstractPipeline.java:488)
	at java.base/java.util.stream.AbstractPipeline.wrapAndCopyInto(AbstractPipeline.java:474)
	at java.base/java.util.stream.FindOps$FindOp.evaluateSequential(FindOps.java:150)
	at java.base/java.util.stream.AbstractPipeline.evaluate(AbstractPipeline.java:234)
	at java.base/java.util.stream.ReferencePipeline.findFirst(ReferencePipeline.java:543)
	at org.openqa.selenium.remote.ProtocolHandshake.createSession(ProtocolHandshake.java:128)
	at org.openqa.selenium.remote.ProtocolHandshake.createSession(ProtocolHandshake.java:74)
	at org.openqa.selenium.remote.HttpCommandExecutor.execute(HttpCommandExecutor.java:136)
	at org.openqa.selenium.remote.service.DriverCommandExecutor.execute(DriverCommandExecutor.java:83)
	at org.openqa.selenium.remote.RemoteWebDriver.execute(RemoteWebDriver.java:552)
	at org.openqa.selenium.remote.RemoteWebDriver.startSession(RemoteWebDriver.java:213)
	at org.openqa.selenium.remote.RemoteWebDriver.&lt;init&gt;(RemoteWebDriver.java:131)
	at org.openqa.selenium.chrome.ChromeDriver.&lt;init&gt;(ChromeDriver.java:181)
	at org.openqa.selenium.chrome.ChromeDriver.&lt;init&gt;(ChromeDriver.java:168)
	at org.openqa.selenium.chrome.ChromeDriver.&lt;init&gt;(ChromeDriver.java:123)
	at com.inetBanking.testCases.BaseClass.setup(BaseClass.java:51)
	at java.base/java.util.ArrayList.forEach(ArrayList.java:1511)
... Removed 33 stack frames</pre></div><a href='#' onClick='toggleBox("stack-trace1692073709", this, "Click to show all stack frames", "Click to hide stack frames")'>Click to show all stack frames</a>
<div class='stack-trace' id='stack-trace1692073709'><pre>org.openqa.selenium.SessionNotCreatedException: session not created
from timeout: Timed out receiving message from renderer: 600.000
  (Session info: chrome=87.0.4280.88)
Build info: version: &apos;3.141.59&apos;, revision: &apos;e82be7d358&apos;, time: &apos;2018-11-14T08:17:03&apos;
System info: host: &apos;DESKTOP-CSA67DT&apos;, ip: &apos;192.168.1.155&apos;, os.name: &apos;Windows 10&apos;, os.arch: &apos;amd64&apos;, os.version: &apos;10.0&apos;, java.version: &apos;15.0.1&apos;
Driver info: driver.version: ChromeDriver
remote stacktrace: Backtrace:
	Ordinal0 [0x0106C0C3+3326147]
	Ordinal0 [0x00F50851+2164817]
	Ordinal0 [0x00DD7298+619160]
	Ordinal0 [0x00DCB17F+569727]
	Ordinal0 [0x00DCA421+566305]
	Ordinal0 [0x00DCA815+567317]
	Ordinal0 [0x00DCA135+565557]
	Ordinal0 [0x00DD38B1+604337]
	Ordinal0 [0x00DCA0F1+565489]
	Ordinal0 [0x00DCAEA2+568994]
	Ordinal0 [0x00DCA421+566305]
	Ordinal0 [0x00DCA815+567317]
	Ordinal0 [0x00DCA135+565557]
	Ordinal0 [0x00DD1D2C+597292]
	Ordinal0 [0x00DCA0F1+565489]
	Ordinal0 [0x00DCAEA2+568994]
	Ordinal0 [0x00DCA421+566305]
	Ordinal0 [0x00DCA815+567317]
	Ordinal0 [0x00DCA135+565557]
	Ordinal0 [0x00DCFE62+589410]
	Ordinal0 [0x00DCA0F1+565489]
	Ordinal0 [0x00DCAEA2+568994]
	Ordinal0 [0x00DCA421+566305]
	Ordinal0 [0x00DCA815+567317]
	Ordinal0 [0x00DCA135+565557]
	Ordinal0 [0x00DCF075+585845]
	Ordinal0 [0x00DCA0F1+565489]
	Ordinal0 [0x00DCAEA2+568994]
	Ordinal0 [0x00DCA421+566305]
	Ordinal0 [0x00DCA815+567317]
	Ordinal0 [0x00DCA135+565557]
	Ordinal0 [0x00DC6776+550774]
	Ordinal0 [0x00DCA0F1+565489]
	Ordinal0 [0x00DC9F13+565011]
	Ordinal0 [0x00DC9D07+564487]
	Ordinal0 [0x00DD82C0+623296]
	Ordinal0 [0x00D76BDD+224221]
	Ordinal0 [0x00D75CAC+220332]
	Ordinal0 [0x00D7189B+202907]
	Ordinal0 [0x00D53DF4+81396]
	Ordinal0 [0x00D54DEE+85486]
	Ordinal0 [0x00D54D79+85369]
	Ordinal0 [0x00F685DC+2262492]
	GetHandleVerifier [0x011F2874+1487204]
	GetHandleVerifier [0x011F23CD+1486013]
	GetHandleVerifier [0x011FA368+1518680]
	GetHandleVerifier [0x011F2F4E+1488958]
	Ordinal0 [0x00F5ED0D+2223373]
	Ordinal0 [0x00F6A12B+2269483]
	Ordinal0 [0x00F6A26F+2269807]
	Ordinal0 [0x00F7ECB8+2354360]
	BaseThreadInitThunk [0x75E3FA29+25]
	RtlGetAppContainerNamedObjectPath [0x77AD75F4+228]
	RtlGetAppContainerNamedObjectPath [0x77AD75C4+180]

	at java.base/jdk.internal.reflect.NativeConstructorAccessorImpl.newInstance0(Native Method)
	at java.base/jdk.internal.reflect.NativeConstructorAccessorImpl.newInstance(NativeConstructorAccessorImpl.java:64)
	at java.base/jdk.internal.reflect.DelegatingConstructorAccessorImpl.newInstance(DelegatingConstructorAccessorImpl.java:45)
	at java.base/java.lang.reflect.Constructor.newInstanceWithCaller(Constructor.java:500)
	at java.base/java.lang.reflect.Constructor.newInstance(Constructor.java:481)
	at org.openqa.selenium.remote.W3CHandshakeResponse.lambda$errorHandler$0(W3CHandshakeResponse.java:62)
	at org.openqa.selenium.remote.HandshakeResponse.lambda$getResponseFunction$0(HandshakeResponse.java:30)
	at org.openqa.selenium.remote.ProtocolHandshake.lambda$createSession$0(ProtocolHandshake.java:126)
	at java.base/java.util.stream.ReferencePipeline$3$1.accept(ReferencePipeline.java:195)
	at java.base/java.util.Spliterators$ArraySpliterator.tryAdvance(Spliterators.java:958)
	at java.base/java.util.stream.ReferencePipeline.forEachWithCancel(ReferencePipeline.java:127)
	at java.base/java.util.stream.AbstractPipeline.copyIntoWithCancel(AbstractPipeline.java:502)
	at java.base/java.util.stream.AbstractPipeline.copyInto(AbstractPipeline.java:488)
	at java.base/java.util.stream.AbstractPipeline.wrapAndCopyInto(AbstractPipeline.java:474)
	at java.base/java.util.stream.FindOps$FindOp.evaluateSequential(FindOps.java:150)
	at java.base/java.util.stream.AbstractPipeline.evaluate(AbstractPipeline.java:234)
	at java.base/java.util.stream.ReferencePipeline.findFirst(ReferencePipeline.java:543)
	at org.openqa.selenium.remote.ProtocolHandshake.createSession(ProtocolHandshake.java:128)
	at org.openqa.selenium.remote.ProtocolHandshake.createSession(ProtocolHandshake.java:74)
	at org.openqa.selenium.remote.HttpCommandExecutor.execute(HttpCommandExecutor.java:136)
	at org.openqa.selenium.remote.service.DriverCommandExecutor.execute(DriverCommandExecutor.java:83)
	at org.openqa.selenium.remote.RemoteWebDriver.execute(RemoteWebDriver.java:552)
	at org.openqa.selenium.remote.RemoteWebDriver.startSession(RemoteWebDriver.java:213)
	at org.openqa.selenium.remote.RemoteWebDriver.&lt;init&gt;(RemoteWebDriver.java:131)
	at org.openqa.selenium.chrome.ChromeDriver.&lt;init&gt;(ChromeDriver.java:181)
	at org.openqa.selenium.chrome.ChromeDriver.&lt;init&gt;(ChromeDriver.java:168)
	at org.openqa.selenium.chrome.ChromeDriver.&lt;init&gt;(ChromeDriver.java:123)
	at com.inetBanking.testCases.BaseClass.setup(BaseClass.java:51)
	at java.base/jdk.internal.reflect.NativeMethodAccessorImpl.invoke0(Native Method)
	at java.base/jdk.internal.reflect.NativeMethodAccessorImpl.invoke(NativeMethodAccessorImpl.java:64)
	at java.base/jdk.internal.reflect.DelegatingMethodAccessorImpl.invoke(DelegatingMethodAccessorImpl.java:43)
	at java.base/java.lang.reflect.Method.invoke(Method.java:564)
	at org.testng.internal.MethodInvocationHelper.invokeMethod(MethodInvocationHelper.java:134)
	at org.testng.internal.MethodInvocationHelper.invokeMethodConsideringTimeout(MethodInvocationHelper.java:63)
	at org.testng.internal.ConfigInvoker.invokeConfigurationMethod(ConfigInvoker.java:348)
	at org.testng.internal.ConfigInvoker.invokeConfigurations(ConfigInvoker.java:302)
	at org.testng.internal.TestMethodWorker.invokeBeforeClassMethods(TestMethodWorker.java:176)
	at org.testng.internal.TestMethodWorker.run(TestMethodWorker.java:122)
	at java.base/java.util.ArrayList.forEach(ArrayList.java:1511)
	at org.testng.TestRunner.privateRun(TestRunner.java:766)
	at org.testng.TestRunner.run(TestRunner.java:587)
	at org.testng.SuiteRunner.runTest(SuiteRunner.java:384)
	at org.testng.SuiteRunner.runSequentially(SuiteRunner.java:378)
	at org.testng.SuiteRunner.privateRun(SuiteRunner.java:337)
	at org.testng.SuiteRunner.run(SuiteRunner.java:286)
	at org.testng.SuiteRunnerWorker.runSuite(SuiteRunnerWorker.java:53)
	at org.testng.SuiteRunnerWorker.run(SuiteRunnerWorker.java:96)
	at org.testng.TestNG.runSuitesSequentially(TestNG.java:1187)
	at org.testng.TestNG.runSuitesLocally(TestNG.java:1109)
	at org.testng.TestNG.runSuites(TestNG.java:1039)
	at org.testng.TestNG.run(TestNG.java:1007)
	at org.apache.maven.surefire.testng.TestNGExecutor.run(TestNGExecutor.java:295)
	at org.apache.maven.surefire.testng.TestNGXmlTestSuite.execute(TestNGXmlTestSuite.java:84)
	at org.apache.maven.surefire.testng.TestNGProvider.invoke(TestNGProvider.java:90)
	at org.apache.maven.surefire.booter.ForkedBooter.invokeProviderInSameClassLoader(ForkedBooter.java:203)
	at org.apache.maven.surefire.booter.ForkedBooter.runSuitesInProcess(ForkedBooter.java:155)
	at org.apache.maven.surefire.booter.ForkedBooter.main(ForkedBooter.java:103)
</pre></div></td>
<td>0</td>
<td>com.inetBanking.testCases.TC_LoginTest_001@71248c21</td></tr>
</table><p>
</body>
</html>