<?xml version="1.0" encoding="UTF-8"?>
<!-- Generated by org.testng.reporters.JUnitXMLReporter -->
<testsuite ignored="0" hostname="DESKTOP-CSA67DT" failures="0" tests="2" name="BankingApp Test" time="1207.23" errors="0" timestamp="2020-12-11T12:19:36 EST">
  <testcase classname="com.inetBanking.testCases.BaseClass" name="@BeforeClass setup" time="603.608">
    <failure type="org.openqa.selenium.SessionNotCreatedException" message="session not created
from timeout: Timed out receiving message from renderer: 600.000
  (Session info: chrome=87.0.4280.88)
Build info: version: &amp;apos;3.141.59&amp;apos;, revision: &amp;apos;e82be7d358&amp;apos;, time: &amp;apos;2018-11-14T08:17:03&amp;apos;
System info: host: &amp;apos;DESKTOP-CSA67DT&amp;apos;, ip: &amp;apos;192.168.1.155&amp;apos;, os.name: &amp;apos;Windows 10&amp;apos;, os.arch: &amp;apos;amd64&amp;apos;, os.version: &amp;apos;10.0&amp;apos;, java.version: &amp;apos;15.0.1&amp;apos;
Driver info: driver.version: ChromeDriver
remote stacktrace: Backtrace:
	Ordinal0 [0x0106C0C3+3326147]
	Ordinal0 [0x00F50851+2164817]
	Ordinal0 [0x00DD7298+619160]
	Ordinal0 [0x00DCB17F+569727]
	Ordinal0 [0x00DCA421+566305]
	Ordinal0 [0x00DCA815+567317]
	Ordinal0 [0x00DCA135+565557]
	Ordinal0 [0x00DD38B1+604337]
	Ordinal0 [0x00DCA0F1+565489]
	Ordinal0 [0x00DCAEA2+568994]
	Ordinal0 [0x00DCA421+566305]
	Ordinal0 [0x00DCA815+567317]
	Ordinal0 [0x00DCA135+565557]
	Ordinal0 [0x00DD1D2C+597292]
	Ordinal0 [0x00DCA0F1+565489]
	Ordinal0 [0x00DCAEA2+568994]
	Ordinal0 [0x00DCA421+566305]
	Ordinal0 [0x00DCA815+567317]
	Ordinal0 [0x00DCA135+565557]
	Ordinal0 [0x00DCFE62+589410]
	Ordinal0 [0x00DCA0F1+565489]
	Ordinal0 [0x00DCAEA2+568994]
	Ordinal0 [0x00DCA421+566305]
	Ordinal0 [0x00DCA815+567317]
	Ordinal0 [0x00DCA135+565557]
	Ordinal0 [0x00DCF075+585845]
	Ordinal0 [0x00DCA0F1+565489]
	Ordinal0 [0x00DCAEA2+568994]
	Ordinal0 [0x00DCA421+566305]
	Ordinal0 [0x00DCA815+567317]
	Ordinal0 [0x00DCA135+565557]
	Ordinal0 [0x00DC6776+550774]
	Ordinal0 [0x00DCA0F1+565489]
	Ordinal0 [0x00DC9F13+565011]
	Ordinal0 [0x00DC9D07+564487]
	Ordinal0 [0x00DD82C0+623296]
	Ordinal0 [0x00D76BDD+224221]
	Ordinal0 [0x00D75CAC+220332]
	Ordinal0 [0x00D7189B+202907]
	Ordinal0 [0x00D53DF4+81396]
	Ordinal0 [0x00D54DEE+85486]
	Ordinal0 [0x00D54D79+85369]
	Ordinal0 [0x00F685DC+2262492]
	GetHandleVerifier [0x011F2874+1487204]
	GetHandleVerifier [0x011F23CD+1486013]
	GetHandleVerifier [0x011FA368+1518680]
	GetHandleVerifier [0x011F2F4E+1488958]
	Ordinal0 [0x00F5ED0D+2223373]
	Ordinal0 [0x00F6A12B+2269483]
	Ordinal0 [0x00F6A26F+2269807]
	Ordinal0 [0x00F7ECB8+2354360]
	BaseThreadInitThunk [0x75E3FA29+25]
	RtlGetAppContainerNamedObjectPath [0x77AD75F4+228]
	RtlGetAppContainerNamedObjectPath [0x77AD75C4+180]
">
      <![CDATA[org.openqa.selenium.SessionNotCreatedException: session not created
from timeout: Timed out receiving message from renderer: 600.000
  (Session info: chrome=87.0.4280.88)
Build info: version: '3.141.59', revision: 'e82be7d358', time: '2018-11-14T08:17:03'
System info: host: 'DESKTOP-CSA67DT', ip: '192.168.1.155', os.name: 'Windows 10', os.arch: 'amd64', os.version: '10.0', java.version: '15.0.1'
Driver info: driver.version: ChromeDriver
remote stacktrace: Backtrace:
Ordinal0 [0x0106C0C3+3326147]
Ordinal0 [0x00F50851+2164817]
Ordinal0 [0x00DD7298+619160]
Ordinal0 [0x00DCB17F+569727]
Ordinal0 [0x00DCA421+566305]
Ordinal0 [0x00DCA815+567317]
Ordinal0 [0x00DCA135+565557]
Ordinal0 [0x00DD38B1+604337]
Ordinal0 [0x00DCA0F1+565489]
Ordinal0 [0x00DCAEA2+568994]
Ordinal0 [0x00DCA421+566305]
Ordinal0 [0x00DCA815+567317]
Ordinal0 [0x00DCA135+565557]
Ordinal0 [0x00DD1D2C+597292]
Ordinal0 [0x00DCA0F1+565489]
Ordinal0 [0x00DCAEA2+568994]
Ordinal0 [0x00DCA421+566305]
Ordinal0 [0x00DCA815+567317]
Ordinal0 [0x00DCA135+565557]
Ordinal0 [0x00DCFE62+589410]
Ordinal0 [0x00DCA0F1+565489]
Ordinal0 [0x00DCAEA2+568994]
Ordinal0 [0x00DCA421+566305]
Ordinal0 [0x00DCA815+567317]
Ordinal0 [0x00DCA135+565557]
Ordinal0 [0x00DCF075+585845]
Ordinal0 [0x00DCA0F1+565489]
Ordinal0 [0x00DCAEA2+568994]
Ordinal0 [0x00DCA421+566305]
Ordinal0 [0x00DCA815+567317]
Ordinal0 [0x00DCA135+565557]
Ordinal0 [0x00DC6776+550774]
Ordinal0 [0x00DCA0F1+565489]
Ordinal0 [0x00DC9F13+565011]
Ordinal0 [0x00DC9D07+564487]
Ordinal0 [0x00DD82C0+623296]
Ordinal0 [0x00D76BDD+224221]
Ordinal0 [0x00D75CAC+220332]
Ordinal0 [0x00D7189B+202907]
Ordinal0 [0x00D53DF4+81396]
Ordinal0 [0x00D54DEE+85486]
Ordinal0 [0x00D54D79+85369]
Ordinal0 [0x00F685DC+2262492]
GetHandleVerifier [0x011F2874+1487204]
GetHandleVerifier [0x011F23CD+1486013]
GetHandleVerifier [0x011FA368+1518680]
GetHandleVerifier [0x011F2F4E+1488958]
Ordinal0 [0x00F5ED0D+2223373]
Ordinal0 [0x00F6A12B+2269483]
Ordinal0 [0x00F6A26F+2269807]
Ordinal0 [0x00F7ECB8+2354360]
BaseThreadInitThunk [0x75E3FA29+25]
RtlGetAppContainerNamedObjectPath [0x77AD75F4+228]
RtlGetAppContainerNamedObjectPath [0x77AD75C4+180]

at org.openqa.selenium.remote.W3CHandshakeResponse.lambda$errorHandler$0(W3CHandshakeResponse.java:62)
at org.openqa.selenium.remote.HandshakeResponse.lambda$getResponseFunction$0(HandshakeResponse.java:30)
at org.openqa.selenium.remote.ProtocolHandshake.lambda$createSession$0(ProtocolHandshake.java:126)
at java.base/java.util.stream.ReferencePipeline$3$1.accept(ReferencePipeline.java:195)
at java.base/java.util.Spliterators$ArraySpliterator.tryAdvance(Spliterators.java:958)
at java.base/java.util.stream.ReferencePipeline.forEachWithCancel(ReferencePipeline.java:127)
at java.base/java.util.stream.AbstractPipeline.copyIntoWithCancel(AbstractPipeline.java:502)
at java.base/java.util.stream.AbstractPipeline.copyInto(AbstractPipeline.java:488)
at java.base/java.util.stream.AbstractPipeline.wrapAndCopyInto(AbstractPipeline.java:474)
at java.base/java.util.stream.FindOps$FindOp.evaluateSequential(FindOps.java:150)
at java.base/java.util.stream.AbstractPipeline.evaluate(AbstractPipeline.java:234)
at java.base/java.util.stream.ReferencePipeline.findFirst(ReferencePipeline.java:543)
at org.openqa.selenium.remote.ProtocolHandshake.createSession(ProtocolHandshake.java:128)
at org.openqa.selenium.remote.ProtocolHandshake.createSession(ProtocolHandshake.java:74)
at org.openqa.selenium.remote.HttpCommandExecutor.execute(HttpCommandExecutor.java:136)
at org.openqa.selenium.remote.service.DriverCommandExecutor.execute(DriverCommandExecutor.java:83)
at org.openqa.selenium.remote.RemoteWebDriver.execute(RemoteWebDriver.java:552)
at org.openqa.selenium.remote.RemoteWebDriver.startSession(RemoteWebDriver.java:213)
at org.openqa.selenium.remote.RemoteWebDriver.<init>(RemoteWebDriver.java:131)
at org.openqa.selenium.chrome.ChromeDriver.<init>(ChromeDriver.java:181)
at org.openqa.selenium.chrome.ChromeDriver.<init>(ChromeDriver.java:168)
at org.openqa.selenium.chrome.ChromeDriver.<init>(ChromeDriver.java:123)
at com.inetBanking.testCases.BaseClass.setup(BaseClass.java:51)
at java.base/java.util.ArrayList.forEach(ArrayList.java:1511)
... Removed 33 stack frames]]>
    </failure>
  </testcase> <!-- @BeforeClass setup -->
  <testcase classname="com.inetBanking.testCases.BaseClass" name="@AfterClass tearDown" time="-1.607706573365E9">
    <skipped/>
  </testcase> <!-- @AfterClass tearDown -->
  <testcase classname="com.inetBanking.testCases.BaseClass" name="@BeforeClass setup" time="603.397">
    <failure type="org.openqa.selenium.SessionNotCreatedException" message="session not created
from timeout: Timed out receiving message from renderer: 600.000
  (Session info: chrome=87.0.4280.88)
Build info: version: &amp;apos;3.141.59&amp;apos;, revision: &amp;apos;e82be7d358&amp;apos;, time: &amp;apos;2018-11-14T08:17:03&amp;apos;
System info: host: &amp;apos;DESKTOP-CSA67DT&amp;apos;, ip: &amp;apos;192.168.1.155&amp;apos;, os.name: &amp;apos;Windows 10&amp;apos;, os.arch: &amp;apos;amd64&amp;apos;, os.version: &amp;apos;10.0&amp;apos;, java.version: &amp;apos;15.0.1&amp;apos;
Driver info: driver.version: ChromeDriver
remote stacktrace: Backtrace:
	Ordinal0 [0x0106C0C3+3326147]
	Ordinal0 [0x00F50851+2164817]
	Ordinal0 [0x00DD7298+619160]
	Ordinal0 [0x00DCB17F+569727]
	Ordinal0 [0x00DCA421+566305]
	Ordinal0 [0x00DCA815+567317]
	Ordinal0 [0x00DCA135+565557]
	Ordinal0 [0x00DD38B1+604337]
	Ordinal0 [0x00DCA0F1+565489]
	Ordinal0 [0x00DCAEA2+568994]
	Ordinal0 [0x00DCA421+566305]
	Ordinal0 [0x00DCA815+567317]
	Ordinal0 [0x00DCA135+565557]
	Ordinal0 [0x00DD1D2C+597292]
	Ordinal0 [0x00DCA0F1+565489]
	Ordinal0 [0x00DCAEA2+568994]
	Ordinal0 [0x00DCA421+566305]
	Ordinal0 [0x00DCA815+567317]
	Ordinal0 [0x00DCA135+565557]
	Ordinal0 [0x00DCFE62+589410]
	Ordinal0 [0x00DCA0F1+565489]
	Ordinal0 [0x00DCAEA2+568994]
	Ordinal0 [0x00DCA421+566305]
	Ordinal0 [0x00DCA815+567317]
	Ordinal0 [0x00DCA135+565557]
	Ordinal0 [0x00DCF075+585845]
	Ordinal0 [0x00DCA0F1+565489]
	Ordinal0 [0x00DCAEA2+568994]
	Ordinal0 [0x00DCA421+566305]
	Ordinal0 [0x00DCA815+567317]
	Ordinal0 [0x00DCA135+565557]
	Ordinal0 [0x00DC6776+550774]
	Ordinal0 [0x00DCA0F1+565489]
	Ordinal0 [0x00DC9F13+565011]
	Ordinal0 [0x00DC9D07+564487]
	Ordinal0 [0x00DD82C0+623296]
	Ordinal0 [0x00D76BDD+224221]
	Ordinal0 [0x00D75CAC+220332]
	Ordinal0 [0x00D7189B+202907]
	Ordinal0 [0x00D53DF4+81396]
	Ordinal0 [0x00D54DEE+85486]
	Ordinal0 [0x00D54D79+85369]
	Ordinal0 [0x00F685DC+2262492]
	GetHandleVerifier [0x011F2874+1487204]
	GetHandleVerifier [0x011F23CD+1486013]
	GetHandleVerifier [0x011FA368+1518680]
	GetHandleVerifier [0x011F2F4E+1488958]
	Ordinal0 [0x00F5ED0D+2223373]
	Ordinal0 [0x00F6A12B+2269483]
	Ordinal0 [0x00F6A26F+2269807]
	Ordinal0 [0x00F7ECB8+2354360]
	BaseThreadInitThunk [0x75E3FA29+25]
	RtlGetAppContainerNamedObjectPath [0x77AD75F4+228]
	RtlGetAppContainerNamedObjectPath [0x77AD75C4+180]
">
      <![CDATA[org.openqa.selenium.SessionNotCreatedException: session not created
from timeout: Timed out receiving message from renderer: 600.000
  (Session info: chrome=87.0.4280.88)
Build info: version: '3.141.59', revision: 'e82be7d358', time: '2018-11-14T08:17:03'
System info: host: 'DESKTOP-CSA67DT', ip: '192.168.1.155', os.name: 'Windows 10', os.arch: 'amd64', os.version: '10.0', java.version: '15.0.1'
Driver info: driver.version: ChromeDriver
remote stacktrace: Backtrace:
Ordinal0 [0x0106C0C3+3326147]
Ordinal0 [0x00F50851+2164817]
Ordinal0 [0x00DD7298+619160]
Ordinal0 [0x00DCB17F+569727]
Ordinal0 [0x00DCA421+566305]
Ordinal0 [0x00DCA815+567317]
Ordinal0 [0x00DCA135+565557]
Ordinal0 [0x00DD38B1+604337]
Ordinal0 [0x00DCA0F1+565489]
Ordinal0 [0x00DCAEA2+568994]
Ordinal0 [0x00DCA421+566305]
Ordinal0 [0x00DCA815+567317]
Ordinal0 [0x00DCA135+565557]
Ordinal0 [0x00DD1D2C+597292]
Ordinal0 [0x00DCA0F1+565489]
Ordinal0 [0x00DCAEA2+568994]
Ordinal0 [0x00DCA421+566305]
Ordinal0 [0x00DCA815+567317]
Ordinal0 [0x00DCA135+565557]
Ordinal0 [0x00DCFE62+589410]
Ordinal0 [0x00DCA0F1+565489]
Ordinal0 [0x00DCAEA2+568994]
Ordinal0 [0x00DCA421+566305]
Ordinal0 [0x00DCA815+567317]
Ordinal0 [0x00DCA135+565557]
Ordinal0 [0x00DCF075+585845]
Ordinal0 [0x00DCA0F1+565489]
Ordinal0 [0x00DCAEA2+568994]
Ordinal0 [0x00DCA421+566305]
Ordinal0 [0x00DCA815+567317]
Ordinal0 [0x00DCA135+565557]
Ordinal0 [0x00DC6776+550774]
Ordinal0 [0x00DCA0F1+565489]
Ordinal0 [0x00DC9F13+565011]
Ordinal0 [0x00DC9D07+564487]
Ordinal0 [0x00DD82C0+623296]
Ordinal0 [0x00D76BDD+224221]
Ordinal0 [0x00D75CAC+220332]
Ordinal0 [0x00D7189B+202907]
Ordinal0 [0x00D53DF4+81396]
Ordinal0 [0x00D54DEE+85486]
Ordinal0 [0x00D54D79+85369]
Ordinal0 [0x00F685DC+2262492]
GetHandleVerifier [0x011F2874+1487204]
GetHandleVerifier [0x011F23CD+1486013]
GetHandleVerifier [0x011FA368+1518680]
GetHandleVerifier [0x011F2F4E+1488958]
Ordinal0 [0x00F5ED0D+2223373]
Ordinal0 [0x00F6A12B+2269483]
Ordinal0 [0x00F6A26F+2269807]
Ordinal0 [0x00F7ECB8+2354360]
BaseThreadInitThunk [0x75E3FA29+25]
RtlGetAppContainerNamedObjectPath [0x77AD75F4+228]
RtlGetAppContainerNamedObjectPath [0x77AD75C4+180]

at org.openqa.selenium.remote.W3CHandshakeResponse.lambda$errorHandler$0(W3CHandshakeResponse.java:62)
at org.openqa.selenium.remote.HandshakeResponse.lambda$getResponseFunction$0(HandshakeResponse.java:30)
at org.openqa.selenium.remote.ProtocolHandshake.lambda$createSession$0(ProtocolHandshake.java:126)
at java.base/java.util.stream.ReferencePipeline$3$1.accept(ReferencePipeline.java:195)
at java.base/java.util.Spliterators$ArraySpliterator.tryAdvance(Spliterators.java:958)
at java.base/java.util.stream.ReferencePipeline.forEachWithCancel(ReferencePipeline.java:127)
at java.base/java.util.stream.AbstractPipeline.copyIntoWithCancel(AbstractPipeline.java:502)
at java.base/java.util.stream.AbstractPipeline.copyInto(AbstractPipeline.java:488)
at java.base/java.util.stream.AbstractPipeline.wrapAndCopyInto(AbstractPipeline.java:474)
at java.base/java.util.stream.FindOps$FindOp.evaluateSequential(FindOps.java:150)
at java.base/java.util.stream.AbstractPipeline.evaluate(AbstractPipeline.java:234)
at java.base/java.util.stream.ReferencePipeline.findFirst(ReferencePipeline.java:543)
at org.openqa.selenium.remote.ProtocolHandshake.createSession(ProtocolHandshake.java:128)
at org.openqa.selenium.remote.ProtocolHandshake.createSession(ProtocolHandshake.java:74)
at org.openqa.selenium.remote.HttpCommandExecutor.execute(HttpCommandExecutor.java:136)
at org.openqa.selenium.remote.service.DriverCommandExecutor.execute(DriverCommandExecutor.java:83)
at org.openqa.selenium.remote.RemoteWebDriver.execute(RemoteWebDriver.java:552)
at org.openqa.selenium.remote.RemoteWebDriver.startSession(RemoteWebDriver.java:213)
at org.openqa.selenium.remote.RemoteWebDriver.<init>(RemoteWebDriver.java:131)
at org.openqa.selenium.chrome.ChromeDriver.<init>(ChromeDriver.java:181)
at org.openqa.selenium.chrome.ChromeDriver.<init>(ChromeDriver.java:168)
at org.openqa.selenium.chrome.ChromeDriver.<init>(ChromeDriver.java:123)
at com.inetBanking.testCases.BaseClass.setup(BaseClass.java:51)
at java.base/java.util.ArrayList.forEach(ArrayList.java:1511)
... Removed 33 stack frames]]>
    </failure>
  </testcase> <!-- @BeforeClass setup -->
  <testcase classname="com.inetBanking.testCases.BaseClass" name="@AfterClass tearDown" time="-1.607707176771E9">
    <skipped/>
  </testcase> <!-- @AfterClass tearDown -->
  <testcase classname="com.inetBanking.testCases.TC_LoginTest_001" name="loginTest" time="0.0">
    <skipped/>
  </testcase> <!-- loginTest -->
  <testcase classname="com.inetBanking.testCases.TC_AddCustomerTest_003" name="addNewCustomer" time="0.0">
    <skipped/>
  </testcase> <!-- addNewCustomer -->
</testsuite> <!-- BankingApp Test -->
