<?xml version="1.0" encoding="UTF-8"?>
<testsuite name="TestSuite" time="1,207.519" tests="6" errors="0" skipped="4" failures="2">
  <properties>
    <property name="java.runtime.name" value="Java(TM) SE Runtime Environment"/>
    <property name="java.vm.version" value="15.0.1+9-18"/>
    <property name="sun.boot.library.path" value="C:\Program Files\Java\jdk-15.0.1\bin"/>
    <property name="maven.multiModuleProjectDirectory" value="C:\Users\DjKimo\Documents\QA Class\NewProjectSelenuim\inetBankingV1"/>
    <property name="java.vm.vendor" value="Oracle Corporation"/>
    <property name="java.vendor.url" value="https://java.oracle.com/"/>
    <property name="guice.disable.misplaced.annotation.check" value="true"/>
    <property name="path.separator" value=";"/>
    <property name="java.vm.name" value="Java HotSpot(TM) 64-Bit Server VM"/>
    <property name="sun.os.patch.level" value=""/>
    <property name="user.script" value=""/>
    <property name="user.country" value="US"/>
    <property name="sun.java.launcher" value="SUN_STANDARD"/>
    <property name="java.vm.specification.name" value="Java Virtual Machine Specification"/>
    <property name="user.dir" value="C:\Users\DjKimo\Documents\QA Class\NewProjectSelenuim\inetBankingV1"/>
    <property name="java.vm.compressedOopsMode" value="Zero based"/>
    <property name="java.runtime.version" value="15.0.1+9-18"/>
    <property name="os.arch" value="amd64"/>
    <property name="java.io.tmpdir" value="C:\WINDOWS\TEMP\"/>
    <property name="line.separator" value="&#10;"/>
    <property name="java.vm.specification.vendor" value="Oracle Corporation"/>
    <property name="user.variant" value=""/>
    <property name="os.name" value="Windows 10"/>
    <property name="classworlds.conf" value="C:\apache-maven-3.6.3\bin\..\bin\m2.conf"/>
    <property name="sun.jnu.encoding" value="Cp1252"/>
    <property name="java.library.path" value="C:\Program Files\Java\jdk-15.0.1\bin;C:\WINDOWS\Sun\Java\bin;C:\WINDOWS\system32;C:\WINDOWS;C:\Program Files\Common Files\Oracle\Java\javapath;&quot;C:\Program Files (x86)\Common Files\Oracle\Java\javapath;C:\Users\DjKimo\Documents\Selenuim\sdk\platforms;C:\Users\DjKimo\Documents\Selenuim\sdk\platform-tools&quot;;C:\WINDOWS\system32;C:\WINDOWS;C:\WINDOWS\System32\Wbem;C:\WINDOWS\System32\WindowsPowerShell\v1.0\;C:\WINDOWS\System32\OpenSSH\;C:\Program Files\Java\jdk-15.0.1;C:\apache-maven-3.6.3\bin;C:\Program Files\Java\jre1.8.0_261\bin;C:\WINDOWS\system32\config\systemprofile\AppData\Local\Microsoft\WindowsApps;."/>
    <property name="maven.conf" value="C:\apache-maven-3.6.3\bin\../conf"/>
    <property name="jdk.debug" value="release"/>
    <property name="java.class.version" value="59.0"/>
    <property name="java.specification.name" value="Java Platform API Specification"/>
    <property name="sun.management.compiler" value="HotSpot 64-Bit Tiered Compilers"/>
    <property name="os.version" value="10.0"/>
    <property name="library.jansi.path" value="C:\apache-maven-3.6.3\bin\..\lib\jansi-native"/>
    <property name="user.home" value="C:\WINDOWS\system32\config\systemprofile"/>
    <property name="user.timezone" value="America/New_York"/>
    <property name="file.encoding" value="Cp1252"/>
    <property name="java.specification.version" value="15"/>
    <property name="user.name" value="DESKTOP-CSA67DT$"/>
    <property name="java.class.path" value="C:\apache-maven-3.6.3\bin\..\boot\plexus-classworlds-2.6.0.jar"/>
    <property name="java.vm.specification.version" value="15"/>
    <property name="sun.arch.data.model" value="64"/>
    <property name="sun.java.command" value="org.codehaus.plexus.classworlds.launcher.Launcher clean install"/>
    <property name="java.home" value="C:\Program Files\Java\jdk-15.0.1"/>
    <property name="user.language" value="en"/>
    <property name="java.specification.vendor" value="Oracle Corporation"/>
    <property name="java.vm.info" value="mixed mode, sharing"/>
    <property name="java.version" value="15.0.1"/>
    <property name="java.vendor" value="Oracle Corporation"/>
    <property name="maven.home" value="C:\apache-maven-3.6.3\bin\.."/>
    <property name="file.separator" value="\"/>
    <property name="java.version.date" value="2020-10-20"/>
    <property name="java.vendor.url.bug" value="https://bugreport.java.com/bugreport/"/>
    <property name="sun.io.unicode.encoding" value="UnicodeLittle"/>
    <property name="sun.cpu.endian" value="little"/>
    <property name="sun.cpu.isalist" value="amd64"/>
  </properties>
  <testcase name="setup" classname="com.inetBanking.testCases.TC_LoginTest_001" time="604.104">
    <failure message="session not created&#10;from timeout: Timed out receiving message from renderer: 600.000&#10;  (Session info: chrome=87.0.4280.88)&#10;Build info: version: &apos;3.141.59&apos;, revision: &apos;e82be7d358&apos;, time: &apos;2018-11-14T08:17:03&apos;&#10;System info: host: &apos;DESKTOP-CSA67DT&apos;, ip: &apos;192.168.1.155&apos;, os.name: &apos;Windows 10&apos;, os.arch: &apos;amd64&apos;, os.version: &apos;10.0&apos;, java.version: &apos;15.0.1&apos;&#10;Driver info: driver.version: ChromeDriver&#10;remote stacktrace: Backtrace:&#10;	Ordinal0 [0x0106C0C3+3326147]&#10;	Ordinal0 [0x00F50851+2164817]&#10;	Ordinal0 [0x00DD7298+619160]&#10;	Ordinal0 [0x00DCB17F+569727]&#10;	Ordinal0 [0x00DCA421+566305]&#10;	Ordinal0 [0x00DCA815+567317]&#10;	Ordinal0 [0x00DCA135+565557]&#10;	Ordinal0 [0x00DD38B1+604337]&#10;	Ordinal0 [0x00DCA0F1+565489]&#10;	Ordinal0 [0x00DCAEA2+568994]&#10;	Ordinal0 [0x00DCA421+566305]&#10;	Ordinal0 [0x00DCA815+567317]&#10;	Ordinal0 [0x00DCA135+565557]&#10;	Ordinal0 [0x00DD1D2C+597292]&#10;	Ordinal0 [0x00DCA0F1+565489]&#10;	Ordinal0 [0x00DCAEA2+568994]&#10;	Ordinal0 [0x00DCA421+566305]&#10;	Ordinal0 [0x00DCA815+567317]&#10;	Ordinal0 [0x00DCA135+565557]&#10;	Ordinal0 [0x00DCFE62+589410]&#10;	Ordinal0 [0x00DCA0F1+565489]&#10;	Ordinal0 [0x00DCAEA2+568994]&#10;	Ordinal0 [0x00DCA421+566305]&#10;	Ordinal0 [0x00DCA815+567317]&#10;	Ordinal0 [0x00DCA135+565557]&#10;	Ordinal0 [0x00DCF075+585845]&#10;	Ordinal0 [0x00DCA0F1+565489]&#10;	Ordinal0 [0x00DCAEA2+568994]&#10;	Ordinal0 [0x00DCA421+566305]&#10;	Ordinal0 [0x00DCA815+567317]&#10;	Ordinal0 [0x00DCA135+565557]&#10;	Ordinal0 [0x00DC6776+550774]&#10;	Ordinal0 [0x00DCA0F1+565489]&#10;	Ordinal0 [0x00DC9F13+565011]&#10;	Ordinal0 [0x00DC9D07+564487]&#10;	Ordinal0 [0x00DD82C0+623296]&#10;	Ordinal0 [0x00D76BDD+224221]&#10;	Ordinal0 [0x00D75CAC+220332]&#10;	Ordinal0 [0x00D7189B+202907]&#10;	Ordinal0 [0x00D53DF4+81396]&#10;	Ordinal0 [0x00D54DEE+85486]&#10;	Ordinal0 [0x00D54D79+85369]&#10;	Ordinal0 [0x00F685DC+2262492]&#10;	GetHandleVerifier [0x011F2874+1487204]&#10;	GetHandleVerifier [0x011F23CD+1486013]&#10;	GetHandleVerifier [0x011FA368+1518680]&#10;	GetHandleVerifier [0x011F2F4E+1488958]&#10;	Ordinal0 [0x00F5ED0D+2223373]&#10;	Ordinal0 [0x00F6A12B+2269483]&#10;	Ordinal0 [0x00F6A26F+2269807]&#10;	Ordinal0 [0x00F7ECB8+2354360]&#10;	BaseThreadInitThunk [0x75E3FA29+25]&#10;	RtlGetAppContainerNamedObjectPath [0x77AD75F4+228]&#10;	RtlGetAppContainerNamedObjectPath [0x77AD75C4+180]&#10;" type="org.openqa.selenium.SessionNotCreatedException"><![CDATA[org.openqa.selenium.SessionNotCreatedException: session not created
from timeout: Timed out receiving message from renderer: 600.000
  (Session info: chrome=87.0.4280.88)
Build info: version: '3.141.59', revision: 'e82be7d358', time: '2018-11-14T08:17:03'
System info: host: 'DESKTOP-CSA67DT', ip: '192.168.1.155', os.name: 'Windows 10', os.arch: 'amd64', os.version: '10.0', java.version: '15.0.1'
Driver info: driver.version: ChromeDriver
remote stacktrace: Backtrace:
	Ordinal0 [0x0106C0C3+3326147]
	Ordinal0 [0x00F50851+2164817]
	Ordinal0 [0x00DD7298+619160]
	Ordinal0 [0x00DCB17F+569727]
	Ordinal0 [0x00DCA421+566305]
	Ordinal0 [0x00DCA815+567317]
	Ordinal0 [0x00DCA135+565557]
	Ordinal0 [0x00DD38B1+604337]
	Ordinal0 [0x00DCA0F1+565489]
	Ordinal0 [0x00DCAEA2+568994]
	Ordinal0 [0x00DCA421+566305]
	Ordinal0 [0x00DCA815+567317]
	Ordinal0 [0x00DCA135+565557]
	Ordinal0 [0x00DD1D2C+597292]
	Ordinal0 [0x00DCA0F1+565489]
	Ordinal0 [0x00DCAEA2+568994]
	Ordinal0 [0x00DCA421+566305]
	Ordinal0 [0x00DCA815+567317]
	Ordinal0 [0x00DCA135+565557]
	Ordinal0 [0x00DCFE62+589410]
	Ordinal0 [0x00DCA0F1+565489]
	Ordinal0 [0x00DCAEA2+568994]
	Ordinal0 [0x00DCA421+566305]
	Ordinal0 [0x00DCA815+567317]
	Ordinal0 [0x00DCA135+565557]
	Ordinal0 [0x00DCF075+585845]
	Ordinal0 [0x00DCA0F1+565489]
	Ordinal0 [0x00DCAEA2+568994]
	Ordinal0 [0x00DCA421+566305]
	Ordinal0 [0x00DCA815+567317]
	Ordinal0 [0x00DCA135+565557]
	Ordinal0 [0x00DC6776+550774]
	Ordinal0 [0x00DCA0F1+565489]
	Ordinal0 [0x00DC9F13+565011]
	Ordinal0 [0x00DC9D07+564487]
	Ordinal0 [0x00DD82C0+623296]
	Ordinal0 [0x00D76BDD+224221]
	Ordinal0 [0x00D75CAC+220332]
	Ordinal0 [0x00D7189B+202907]
	Ordinal0 [0x00D53DF4+81396]
	Ordinal0 [0x00D54DEE+85486]
	Ordinal0 [0x00D54D79+85369]
	Ordinal0 [0x00F685DC+2262492]
	GetHandleVerifier [0x011F2874+1487204]
	GetHandleVerifier [0x011F23CD+1486013]
	GetHandleVerifier [0x011FA368+1518680]
	GetHandleVerifier [0x011F2F4E+1488958]
	Ordinal0 [0x00F5ED0D+2223373]
	Ordinal0 [0x00F6A12B+2269483]
	Ordinal0 [0x00F6A26F+2269807]
	Ordinal0 [0x00F7ECB8+2354360]
	BaseThreadInitThunk [0x75E3FA29+25]
	RtlGetAppContainerNamedObjectPath [0x77AD75F4+228]
	RtlGetAppContainerNamedObjectPath [0x77AD75C4+180]

	at java.base/jdk.internal.reflect.NativeConstructorAccessorImpl.newInstance0(Native Method)
	at java.base/jdk.internal.reflect.NativeConstructorAccessorImpl.newInstance(NativeConstructorAccessorImpl.java:64)
	at java.base/jdk.internal.reflect.DelegatingConstructorAccessorImpl.newInstance(DelegatingConstructorAccessorImpl.java:45)
	at java.base/java.lang.reflect.Constructor.newInstanceWithCaller(Constructor.java:500)
	at java.base/java.lang.reflect.Constructor.newInstance(Constructor.java:481)
	at org.openqa.selenium.remote.W3CHandshakeResponse.lambda$errorHandler$0(W3CHandshakeResponse.java:62)
	at org.openqa.selenium.remote.HandshakeResponse.lambda$getResponseFunction$0(HandshakeResponse.java:30)
	at org.openqa.selenium.remote.ProtocolHandshake.lambda$createSession$0(ProtocolHandshake.java:126)
	at java.base/java.util.stream.ReferencePipeline$3$1.accept(ReferencePipeline.java:195)
	at java.base/java.util.Spliterators$ArraySpliterator.tryAdvance(Spliterators.java:958)
	at java.base/java.util.stream.ReferencePipeline.forEachWithCancel(ReferencePipeline.java:127)
	at java.base/java.util.stream.AbstractPipeline.copyIntoWithCancel(AbstractPipeline.java:502)
	at java.base/java.util.stream.AbstractPipeline.copyInto(AbstractPipeline.java:488)
	at java.base/java.util.stream.AbstractPipeline.wrapAndCopyInto(AbstractPipeline.java:474)
	at java.base/java.util.stream.FindOps$FindOp.evaluateSequential(FindOps.java:150)
	at java.base/java.util.stream.AbstractPipeline.evaluate(AbstractPipeline.java:234)
	at java.base/java.util.stream.ReferencePipeline.findFirst(ReferencePipeline.java:543)
	at org.openqa.selenium.remote.ProtocolHandshake.createSession(ProtocolHandshake.java:128)
	at org.openqa.selenium.remote.ProtocolHandshake.createSession(ProtocolHandshake.java:74)
	at org.openqa.selenium.remote.HttpCommandExecutor.execute(HttpCommandExecutor.java:136)
	at org.openqa.selenium.remote.service.DriverCommandExecutor.execute(DriverCommandExecutor.java:83)
	at org.openqa.selenium.remote.RemoteWebDriver.execute(RemoteWebDriver.java:552)
	at org.openqa.selenium.remote.RemoteWebDriver.startSession(RemoteWebDriver.java:213)
	at org.openqa.selenium.remote.RemoteWebDriver.<init>(RemoteWebDriver.java:131)
	at org.openqa.selenium.chrome.ChromeDriver.<init>(ChromeDriver.java:181)
	at org.openqa.selenium.chrome.ChromeDriver.<init>(ChromeDriver.java:168)
	at org.openqa.selenium.chrome.ChromeDriver.<init>(ChromeDriver.java:123)
	at com.inetBanking.testCases.BaseClass.setup(BaseClass.java:51)
	at java.base/jdk.internal.reflect.NativeMethodAccessorImpl.invoke0(Native Method)
	at java.base/jdk.internal.reflect.NativeMethodAccessorImpl.invoke(NativeMethodAccessorImpl.java:64)
	at java.base/jdk.internal.reflect.DelegatingMethodAccessorImpl.invoke(DelegatingMethodAccessorImpl.java:43)
	at java.base/java.lang.reflect.Method.invoke(Method.java:564)
	at org.testng.internal.MethodInvocationHelper.invokeMethod(MethodInvocationHelper.java:134)
	at org.testng.internal.MethodInvocationHelper.invokeMethodConsideringTimeout(MethodInvocationHelper.java:63)
	at org.testng.internal.ConfigInvoker.invokeConfigurationMethod(ConfigInvoker.java:348)
	at org.testng.internal.ConfigInvoker.invokeConfigurations(ConfigInvoker.java:302)
	at org.testng.internal.TestMethodWorker.invokeBeforeClassMethods(TestMethodWorker.java:176)
	at org.testng.internal.TestMethodWorker.run(TestMethodWorker.java:122)
	at java.base/java.util.ArrayList.forEach(ArrayList.java:1511)
	at org.testng.TestRunner.privateRun(TestRunner.java:766)
	at org.testng.TestRunner.run(TestRunner.java:587)
	at org.testng.SuiteRunner.runTest(SuiteRunner.java:384)
	at org.testng.SuiteRunner.runSequentially(SuiteRunner.java:378)
	at org.testng.SuiteRunner.privateRun(SuiteRunner.java:337)
	at org.testng.SuiteRunner.run(SuiteRunner.java:286)
	at org.testng.SuiteRunnerWorker.runSuite(SuiteRunnerWorker.java:53)
	at org.testng.SuiteRunnerWorker.run(SuiteRunnerWorker.java:96)
	at org.testng.TestNG.runSuitesSequentially(TestNG.java:1187)
	at org.testng.TestNG.runSuitesLocally(TestNG.java:1109)
	at org.testng.TestNG.runSuites(TestNG.java:1039)
	at org.testng.TestNG.run(TestNG.java:1007)
	at org.apache.maven.surefire.testng.TestNGExecutor.run(TestNGExecutor.java:295)
	at org.apache.maven.surefire.testng.TestNGXmlTestSuite.execute(TestNGXmlTestSuite.java:84)
	at org.apache.maven.surefire.testng.TestNGProvider.invoke(TestNGProvider.java:90)
	at org.apache.maven.surefire.booter.ForkedBooter.invokeProviderInSameClassLoader(ForkedBooter.java:203)
	at org.apache.maven.surefire.booter.ForkedBooter.runSuitesInProcess(ForkedBooter.java:155)
	at org.apache.maven.surefire.booter.ForkedBooter.main(ForkedBooter.java:103)
]]></failure>
    <system-err><![CDATA[Starting ChromeDriver 87.0.4280.88 (89e2380a3e36c3464b5dd1302349b1382549290d-refs/branch-heads/4280@{#1761}) on port 16534
Only local connections are allowed.
Please see https://chromedriver.chromium.org/security-considerations for suggestions on keeping ChromeDriver safe.
ChromeDriver was started successfully.
[1607706573.298][SEVERE]: Timed out receiving message from renderer: 600.000
]]></system-err>
  </testcase>
  <testcase name="loginTest" classname="com.inetBanking.testCases.TC_LoginTest_001" time="0">
    <skipped/>
  </testcase>
  <testcase name="tearDown" classname="com.inetBanking.testCases.TC_LoginTest_001" time="0">
    <skipped/>
  </testcase>
  <testcase name="setup" classname="com.inetBanking.testCases.TC_AddCustomerTest_003" time="603.415">
    <failure message="session not created&#10;from timeout: Timed out receiving message from renderer: 600.000&#10;  (Session info: chrome=87.0.4280.88)&#10;Build info: version: &apos;3.141.59&apos;, revision: &apos;e82be7d358&apos;, time: &apos;2018-11-14T08:17:03&apos;&#10;System info: host: &apos;DESKTOP-CSA67DT&apos;, ip: &apos;192.168.1.155&apos;, os.name: &apos;Windows 10&apos;, os.arch: &apos;amd64&apos;, os.version: &apos;10.0&apos;, java.version: &apos;15.0.1&apos;&#10;Driver info: driver.version: ChromeDriver&#10;remote stacktrace: Backtrace:&#10;	Ordinal0 [0x0106C0C3+3326147]&#10;	Ordinal0 [0x00F50851+2164817]&#10;	Ordinal0 [0x00DD7298+619160]&#10;	Ordinal0 [0x00DCB17F+569727]&#10;	Ordinal0 [0x00DCA421+566305]&#10;	Ordinal0 [0x00DCA815+567317]&#10;	Ordinal0 [0x00DCA135+565557]&#10;	Ordinal0 [0x00DD38B1+604337]&#10;	Ordinal0 [0x00DCA0F1+565489]&#10;	Ordinal0 [0x00DCAEA2+568994]&#10;	Ordinal0 [0x00DCA421+566305]&#10;	Ordinal0 [0x00DCA815+567317]&#10;	Ordinal0 [0x00DCA135+565557]&#10;	Ordinal0 [0x00DD1D2C+597292]&#10;	Ordinal0 [0x00DCA0F1+565489]&#10;	Ordinal0 [0x00DCAEA2+568994]&#10;	Ordinal0 [0x00DCA421+566305]&#10;	Ordinal0 [0x00DCA815+567317]&#10;	Ordinal0 [0x00DCA135+565557]&#10;	Ordinal0 [0x00DCFE62+589410]&#10;	Ordinal0 [0x00DCA0F1+565489]&#10;	Ordinal0 [0x00DCAEA2+568994]&#10;	Ordinal0 [0x00DCA421+566305]&#10;	Ordinal0 [0x00DCA815+567317]&#10;	Ordinal0 [0x00DCA135+565557]&#10;	Ordinal0 [0x00DCF075+585845]&#10;	Ordinal0 [0x00DCA0F1+565489]&#10;	Ordinal0 [0x00DCAEA2+568994]&#10;	Ordinal0 [0x00DCA421+566305]&#10;	Ordinal0 [0x00DCA815+567317]&#10;	Ordinal0 [0x00DCA135+565557]&#10;	Ordinal0 [0x00DC6776+550774]&#10;	Ordinal0 [0x00DCA0F1+565489]&#10;	Ordinal0 [0x00DC9F13+565011]&#10;	Ordinal0 [0x00DC9D07+564487]&#10;	Ordinal0 [0x00DD82C0+623296]&#10;	Ordinal0 [0x00D76BDD+224221]&#10;	Ordinal0 [0x00D75CAC+220332]&#10;	Ordinal0 [0x00D7189B+202907]&#10;	Ordinal0 [0x00D53DF4+81396]&#10;	Ordinal0 [0x00D54DEE+85486]&#10;	Ordinal0 [0x00D54D79+85369]&#10;	Ordinal0 [0x00F685DC+2262492]&#10;	GetHandleVerifier [0x011F2874+1487204]&#10;	GetHandleVerifier [0x011F23CD+1486013]&#10;	GetHandleVerifier [0x011FA368+1518680]&#10;	GetHandleVerifier [0x011F2F4E+1488958]&#10;	Ordinal0 [0x00F5ED0D+2223373]&#10;	Ordinal0 [0x00F6A12B+2269483]&#10;	Ordinal0 [0x00F6A26F+2269807]&#10;	Ordinal0 [0x00F7ECB8+2354360]&#10;	BaseThreadInitThunk [0x75E3FA29+25]&#10;	RtlGetAppContainerNamedObjectPath [0x77AD75F4+228]&#10;	RtlGetAppContainerNamedObjectPath [0x77AD75C4+180]&#10;" type="org.openqa.selenium.SessionNotCreatedException"><![CDATA[org.openqa.selenium.SessionNotCreatedException: session not created
from timeout: Timed out receiving message from renderer: 600.000
  (Session info: chrome=87.0.4280.88)
Build info: version: '3.141.59', revision: 'e82be7d358', time: '2018-11-14T08:17:03'
System info: host: 'DESKTOP-CSA67DT', ip: '192.168.1.155', os.name: 'Windows 10', os.arch: 'amd64', os.version: '10.0', java.version: '15.0.1'
Driver info: driver.version: ChromeDriver
remote stacktrace: Backtrace:
	Ordinal0 [0x0106C0C3+3326147]
	Ordinal0 [0x00F50851+2164817]
	Ordinal0 [0x00DD7298+619160]
	Ordinal0 [0x00DCB17F+569727]
	Ordinal0 [0x00DCA421+566305]
	Ordinal0 [0x00DCA815+567317]
	Ordinal0 [0x00DCA135+565557]
	Ordinal0 [0x00DD38B1+604337]
	Ordinal0 [0x00DCA0F1+565489]
	Ordinal0 [0x00DCAEA2+568994]
	Ordinal0 [0x00DCA421+566305]
	Ordinal0 [0x00DCA815+567317]
	Ordinal0 [0x00DCA135+565557]
	Ordinal0 [0x00DD1D2C+597292]
	Ordinal0 [0x00DCA0F1+565489]
	Ordinal0 [0x00DCAEA2+568994]
	Ordinal0 [0x00DCA421+566305]
	Ordinal0 [0x00DCA815+567317]
	Ordinal0 [0x00DCA135+565557]
	Ordinal0 [0x00DCFE62+589410]
	Ordinal0 [0x00DCA0F1+565489]
	Ordinal0 [0x00DCAEA2+568994]
	Ordinal0 [0x00DCA421+566305]
	Ordinal0 [0x00DCA815+567317]
	Ordinal0 [0x00DCA135+565557]
	Ordinal0 [0x00DCF075+585845]
	Ordinal0 [0x00DCA0F1+565489]
	Ordinal0 [0x00DCAEA2+568994]
	Ordinal0 [0x00DCA421+566305]
	Ordinal0 [0x00DCA815+567317]
	Ordinal0 [0x00DCA135+565557]
	Ordinal0 [0x00DC6776+550774]
	Ordinal0 [0x00DCA0F1+565489]
	Ordinal0 [0x00DC9F13+565011]
	Ordinal0 [0x00DC9D07+564487]
	Ordinal0 [0x00DD82C0+623296]
	Ordinal0 [0x00D76BDD+224221]
	Ordinal0 [0x00D75CAC+220332]
	Ordinal0 [0x00D7189B+202907]
	Ordinal0 [0x00D53DF4+81396]
	Ordinal0 [0x00D54DEE+85486]
	Ordinal0 [0x00D54D79+85369]
	Ordinal0 [0x00F685DC+2262492]
	GetHandleVerifier [0x011F2874+1487204]
	GetHandleVerifier [0x011F23CD+1486013]
	GetHandleVerifier [0x011FA368+1518680]
	GetHandleVerifier [0x011F2F4E+1488958]
	Ordinal0 [0x00F5ED0D+2223373]
	Ordinal0 [0x00F6A12B+2269483]
	Ordinal0 [0x00F6A26F+2269807]
	Ordinal0 [0x00F7ECB8+2354360]
	BaseThreadInitThunk [0x75E3FA29+25]
	RtlGetAppContainerNamedObjectPath [0x77AD75F4+228]
	RtlGetAppContainerNamedObjectPath [0x77AD75C4+180]

	at java.base/jdk.internal.reflect.NativeConstructorAccessorImpl.newInstance0(Native Method)
	at java.base/jdk.internal.reflect.NativeConstructorAccessorImpl.newInstance(NativeConstructorAccessorImpl.java:64)
	at java.base/jdk.internal.reflect.DelegatingConstructorAccessorImpl.newInstance(DelegatingConstructorAccessorImpl.java:45)
	at java.base/java.lang.reflect.Constructor.newInstanceWithCaller(Constructor.java:500)
	at java.base/java.lang.reflect.Constructor.newInstance(Constructor.java:481)
	at org.openqa.selenium.remote.W3CHandshakeResponse.lambda$errorHandler$0(W3CHandshakeResponse.java:62)
	at org.openqa.selenium.remote.HandshakeResponse.lambda$getResponseFunction$0(HandshakeResponse.java:30)
	at org.openqa.selenium.remote.ProtocolHandshake.lambda$createSession$0(ProtocolHandshake.java:126)
	at java.base/java.util.stream.ReferencePipeline$3$1.accept(ReferencePipeline.java:195)
	at java.base/java.util.Spliterators$ArraySpliterator.tryAdvance(Spliterators.java:958)
	at java.base/java.util.stream.ReferencePipeline.forEachWithCancel(ReferencePipeline.java:127)
	at java.base/java.util.stream.AbstractPipeline.copyIntoWithCancel(AbstractPipeline.java:502)
	at java.base/java.util.stream.AbstractPipeline.copyInto(AbstractPipeline.java:488)
	at java.base/java.util.stream.AbstractPipeline.wrapAndCopyInto(AbstractPipeline.java:474)
	at java.base/java.util.stream.FindOps$FindOp.evaluateSequential(FindOps.java:150)
	at java.base/java.util.stream.AbstractPipeline.evaluate(AbstractPipeline.java:234)
	at java.base/java.util.stream.ReferencePipeline.findFirst(ReferencePipeline.java:543)
	at org.openqa.selenium.remote.ProtocolHandshake.createSession(ProtocolHandshake.java:128)
	at org.openqa.selenium.remote.ProtocolHandshake.createSession(ProtocolHandshake.java:74)
	at org.openqa.selenium.remote.HttpCommandExecutor.execute(HttpCommandExecutor.java:136)
	at org.openqa.selenium.remote.service.DriverCommandExecutor.execute(DriverCommandExecutor.java:83)
	at org.openqa.selenium.remote.RemoteWebDriver.execute(RemoteWebDriver.java:552)
	at org.openqa.selenium.remote.RemoteWebDriver.startSession(RemoteWebDriver.java:213)
	at org.openqa.selenium.remote.RemoteWebDriver.<init>(RemoteWebDriver.java:131)
	at org.openqa.selenium.chrome.ChromeDriver.<init>(ChromeDriver.java:181)
	at org.openqa.selenium.chrome.ChromeDriver.<init>(ChromeDriver.java:168)
	at org.openqa.selenium.chrome.ChromeDriver.<init>(ChromeDriver.java:123)
	at com.inetBanking.testCases.BaseClass.setup(BaseClass.java:51)
	at java.base/jdk.internal.reflect.NativeMethodAccessorImpl.invoke0(Native Method)
	at java.base/jdk.internal.reflect.NativeMethodAccessorImpl.invoke(NativeMethodAccessorImpl.java:64)
	at java.base/jdk.internal.reflect.DelegatingMethodAccessorImpl.invoke(DelegatingMethodAccessorImpl.java:43)
	at java.base/java.lang.reflect.Method.invoke(Method.java:564)
	at org.testng.internal.MethodInvocationHelper.invokeMethod(MethodInvocationHelper.java:134)
	at org.testng.internal.MethodInvocationHelper.invokeMethodConsideringTimeout(MethodInvocationHelper.java:63)
	at org.testng.internal.ConfigInvoker.invokeConfigurationMethod(ConfigInvoker.java:348)
	at org.testng.internal.ConfigInvoker.invokeConfigurations(ConfigInvoker.java:302)
	at org.testng.internal.TestMethodWorker.invokeBeforeClassMethods(TestMethodWorker.java:176)
	at org.testng.internal.TestMethodWorker.run(TestMethodWorker.java:122)
	at java.base/java.util.ArrayList.forEach(ArrayList.java:1511)
	at org.testng.TestRunner.privateRun(TestRunner.java:766)
	at org.testng.TestRunner.run(TestRunner.java:587)
	at org.testng.SuiteRunner.runTest(SuiteRunner.java:384)
	at org.testng.SuiteRunner.runSequentially(SuiteRunner.java:378)
	at org.testng.SuiteRunner.privateRun(SuiteRunner.java:337)
	at org.testng.SuiteRunner.run(SuiteRunner.java:286)
	at org.testng.SuiteRunnerWorker.runSuite(SuiteRunnerWorker.java:53)
	at org.testng.SuiteRunnerWorker.run(SuiteRunnerWorker.java:96)
	at org.testng.TestNG.runSuitesSequentially(TestNG.java:1187)
	at org.testng.TestNG.runSuitesLocally(TestNG.java:1109)
	at org.testng.TestNG.runSuites(TestNG.java:1039)
	at org.testng.TestNG.run(TestNG.java:1007)
	at org.apache.maven.surefire.testng.TestNGExecutor.run(TestNGExecutor.java:295)
	at org.apache.maven.surefire.testng.TestNGXmlTestSuite.execute(TestNGXmlTestSuite.java:84)
	at org.apache.maven.surefire.testng.TestNGProvider.invoke(TestNGProvider.java:90)
	at org.apache.maven.surefire.booter.ForkedBooter.invokeProviderInSameClassLoader(ForkedBooter.java:203)
	at org.apache.maven.surefire.booter.ForkedBooter.runSuitesInProcess(ForkedBooter.java:155)
	at org.apache.maven.surefire.booter.ForkedBooter.main(ForkedBooter.java:103)
]]></failure>
    <system-err><![CDATA[Starting ChromeDriver 87.0.4280.88 (89e2380a3e36c3464b5dd1302349b1382549290d-refs/branch-heads/4280@{#1761}) on port 44839
Only local connections are allowed.
Please see https://chromedriver.chromium.org/security-considerations for suggestions on keeping ChromeDriver safe.
ChromeDriver was started successfully.
[1607707176.739][SEVERE]: Timed out receiving message from renderer: 600.000
]]></system-err>
  </testcase>
  <testcase name="addNewCustomer" classname="com.inetBanking.testCases.TC_AddCustomerTest_003" time="0">
    <skipped/>
  </testcase>
  <testcase name="tearDown" classname="com.inetBanking.testCases.TC_AddCustomerTest_003" time="0">
    <skipped/>
  </testcase>
</testsuite>