<?xml version="1.0" encoding="UTF-8"?>
<!-- Generated by org.testng.reporters.JUnitReportReporter -->
<testsuite hostname="DESKTOP-CSA67DT" failures="0" tests="2" name="com.inetBanking.testCases.TC_LoginTest_001" time="603.608" errors="1" timestamp="2020-12-11T12:19:37 EST" skipped="1">
  <testcase classname="com.inetBanking.testCases.TC_LoginTest_001" name="loginTest" time="0.000">
    <skipped/>
  </testcase> <!-- loginTest -->
  <system-out/>
  <testcase classname="com.inetBanking.testCases.TC_LoginTest_001" name="setup" time="603.608">
    <error message="session not created
from timeout: Timed out receiving message from renderer: 600.000
  (Session info: chrome=87.0.4280.88)
Build info: version: &#039;3.141.59&#039;, revision: &#039;e82be7d358&#039;, time: &#039;2018-11-14T08:17:03&#039;
System info: host: &#039;DESKTOP-CSA67DT&#039;, ip: &#039;192.168.1.155&#039;, os.name: &#039;Windows 10&#039;, os.arch: &#039;amd64&#039;, os.version: &#039;10.0&#039;, java.version: &#039;15.0.1&#039;
Driver info: driver.version: ChromeDriver
remote stacktrace: Backtrace:
	Ordinal0 [0x0106C0C3+3326147]
	Ordinal0 [0x00F50851+2164817]
	Ordinal0 [0x00DD7298+619160]
	Ordinal0 [0x00DCB17F+569727]
	Ordinal0 [0x00DCA421+566305]
	Ordinal0 [0x00DCA815+567317]
	Ordinal0 [0x00DCA135+565557]
	Ordinal0 [0x00DD38B1+604337]
	Ordinal0 [0x00DCA0F1+565489]
	Ordinal0 [0x00DCAEA2+568994]
	Ordinal0 [0x00DCA421+566305]
	Ordinal0 [0x00DCA815+567317]
	Ordinal0 [0x00DCA135+565557]
	Ordinal0 [0x00DD1D2C+597292]
	Ordinal0 [0x00DCA0F1+565489]
	Ordinal0 [0x00DCAEA2+568994]
	Ordinal0 [0x00DCA421+566305]
	Ordinal0 [0x00DCA815+567317]
	Ordinal0 [0x00DCA135+565557]
	Ordinal0 [0x00DCFE62+589410]
	Ordinal0 [0x00DCA0F1+565489]
	Ordinal0 [0x00DCAEA2+568994]
	Ordinal0 [0x00DCA421+566305]
	Ordinal0 [0x00DCA815+567317]
	Ordinal0 [0x00DCA135+565557]
	Ordinal0 [0x00DCF075+585845]
	Ordinal0 [0x00DCA0F1+565489]
	Ordinal0 [0x00DCAEA2+568994]
	Ordinal0 [0x00DCA421+566305]
	Ordinal0 [0x00DCA815+567317]
	Ordinal0 [0x00DCA135+565557]
	Ordinal0 [0x00DC6776+550774]
	Ordinal0 [0x00DCA0F1+565489]
	Ordinal0 [0x00DC9F13+565011]
	Ordinal0 [0x00DC9D07+564487]
	Ordinal0 [0x00DD82C0+623296]
	Ordinal0 [0x00D76BDD+224221]
	Ordinal0 [0x00D75CAC+220332]
	Ordinal0 [0x00D7189B+202907]
	Ordinal0 [0x00D53DF4+81396]
	Ordinal0 [0x00D54DEE+85486]
	Ordinal0 [0x00D54D79+85369]
	Ordinal0 [0x00F685DC+2262492]
	GetHandleVerifier [0x011F2874+1487204]
	GetHandleVerifier [0x011F23CD+1486013]
	GetHandleVerifier [0x011FA368+1518680]
	GetHandleVerifier [0x011F2F4E+1488958]
	Ordinal0 [0x00F5ED0D+2223373]
	Ordinal0 [0x00F6A12B+2269483]
	Ordinal0 [0x00F6A26F+2269807]
	Ordinal0 [0x00F7ECB8+2354360]
	BaseThreadInitThunk [0x75E3FA29+25]
	RtlGetAppContainerNamedObjectPath [0x77AD75F4+228]
	RtlGetAppContainerNamedObjectPath [0x77AD75C4+180]
" type="org.openqa.selenium.SessionNotCreatedException">
      <![CDATA[org.openqa.selenium.SessionNotCreatedException: session not created
from timeout: Timed out receiving message from renderer: 600.000
  (Session info: chrome=87.0.4280.88)
Build info: version: '3.141.59', revision: 'e82be7d358', time: '2018-11-14T08:17:03'
System info: host: 'DESKTOP-CSA67DT', ip: '192.168.1.155', os.name: 'Windows 10', os.arch: 'amd64', os.version: '10.0', java.version: '15.0.1'
Driver info: driver.version: ChromeDriver
remote stacktrace: Backtrace:
Ordinal0 [0x0106C0C3+3326147]
Ordinal0 [0x00F50851+2164817]
Ordinal0 [0x00DD7298+619160]
Ordinal0 [0x00DCB17F+569727]
Ordinal0 [0x00DCA421+566305]
Ordinal0 [0x00DCA815+567317]
Ordinal0 [0x00DCA135+565557]
Ordinal0 [0x00DD38B1+604337]
Ordinal0 [0x00DCA0F1+565489]
Ordinal0 [0x00DCAEA2+568994]
Ordinal0 [0x00DCA421+566305]
Ordinal0 [0x00DCA815+567317]
Ordinal0 [0x00DCA135+565557]
Ordinal0 [0x00DD1D2C+597292]
Ordinal0 [0x00DCA0F1+565489]
Ordinal0 [0x00DCAEA2+568994]
Ordinal0 [0x00DCA421+566305]
Ordinal0 [0x00DCA815+567317]
Ordinal0 [0x00DCA135+565557]
Ordinal0 [0x00DCFE62+589410]
Ordinal0 [0x00DCA0F1+565489]
Ordinal0 [0x00DCAEA2+568994]
Ordinal0 [0x00DCA421+566305]
Ordinal0 [0x00DCA815+567317]
Ordinal0 [0x00DCA135+565557]
Ordinal0 [0x00DCF075+585845]
Ordinal0 [0x00DCA0F1+565489]
Ordinal0 [0x00DCAEA2+568994]
Ordinal0 [0x00DCA421+566305]
Ordinal0 [0x00DCA815+567317]
Ordinal0 [0x00DCA135+565557]
Ordinal0 [0x00DC6776+550774]
Ordinal0 [0x00DCA0F1+565489]
Ordinal0 [0x00DC9F13+565011]
Ordinal0 [0x00DC9D07+564487]
Ordinal0 [0x00DD82C0+623296]
Ordinal0 [0x00D76BDD+224221]
Ordinal0 [0x00D75CAC+220332]
Ordinal0 [0x00D7189B+202907]
Ordinal0 [0x00D53DF4+81396]
Ordinal0 [0x00D54DEE+85486]
Ordinal0 [0x00D54D79+85369]
Ordinal0 [0x00F685DC+2262492]
GetHandleVerifier [0x011F2874+1487204]
GetHandleVerifier [0x011F23CD+1486013]
GetHandleVerifier [0x011FA368+1518680]
GetHandleVerifier [0x011F2F4E+1488958]
Ordinal0 [0x00F5ED0D+2223373]
Ordinal0 [0x00F6A12B+2269483]
Ordinal0 [0x00F6A26F+2269807]
Ordinal0 [0x00F7ECB8+2354360]
BaseThreadInitThunk [0x75E3FA29+25]
RtlGetAppContainerNamedObjectPath [0x77AD75F4+228]
RtlGetAppContainerNamedObjectPath [0x77AD75C4+180]

at java.base/jdk.internal.reflect.NativeConstructorAccessorImpl.newInstance0(Native Method)
at java.base/jdk.internal.reflect.NativeConstructorAccessorImpl.newInstance(NativeConstructorAccessorImpl.java:64)
at java.base/jdk.internal.reflect.DelegatingConstructorAccessorImpl.newInstance(DelegatingConstructorAccessorImpl.java:45)
at java.base/java.lang.reflect.Constructor.newInstanceWithCaller(Constructor.java:500)
at java.base/java.lang.reflect.Constructor.newInstance(Constructor.java:481)
at org.openqa.selenium.remote.W3CHandshakeResponse.lambda$errorHandler$0(W3CHandshakeResponse.java:62)
at org.openqa.selenium.remote.HandshakeResponse.lambda$getResponseFunction$0(HandshakeResponse.java:30)
at org.openqa.selenium.remote.ProtocolHandshake.lambda$createSession$0(ProtocolHandshake.java:126)
at java.base/java.util.stream.ReferencePipeline$3$1.accept(ReferencePipeline.java:195)
at java.base/java.util.Spliterators$ArraySpliterator.tryAdvance(Spliterators.java:958)
at java.base/java.util.stream.ReferencePipeline.forEachWithCancel(ReferencePipeline.java:127)
at java.base/java.util.stream.AbstractPipeline.copyIntoWithCancel(AbstractPipeline.java:502)
at java.base/java.util.stream.AbstractPipeline.copyInto(AbstractPipeline.java:488)
at java.base/java.util.stream.AbstractPipeline.wrapAndCopyInto(AbstractPipeline.java:474)
at java.base/java.util.stream.FindOps$FindOp.evaluateSequential(FindOps.java:150)
at java.base/java.util.stream.AbstractPipeline.evaluate(AbstractPipeline.java:234)
at java.base/java.util.stream.ReferencePipeline.findFirst(ReferencePipeline.java:543)
at org.openqa.selenium.remote.ProtocolHandshake.createSession(ProtocolHandshake.java:128)
at org.openqa.selenium.remote.ProtocolHandshake.createSession(ProtocolHandshake.java:74)
at org.openqa.selenium.remote.HttpCommandExecutor.execute(HttpCommandExecutor.java:136)
at org.openqa.selenium.remote.service.DriverCommandExecutor.execute(DriverCommandExecutor.java:83)
at org.openqa.selenium.remote.RemoteWebDriver.execute(RemoteWebDriver.java:552)
at org.openqa.selenium.remote.RemoteWebDriver.startSession(RemoteWebDriver.java:213)
at org.openqa.selenium.remote.RemoteWebDriver.<init>(RemoteWebDriver.java:131)
at org.openqa.selenium.chrome.ChromeDriver.<init>(ChromeDriver.java:181)
at org.openqa.selenium.chrome.ChromeDriver.<init>(ChromeDriver.java:168)
at org.openqa.selenium.chrome.ChromeDriver.<init>(ChromeDriver.java:123)
at com.inetBanking.testCases.BaseClass.setup(BaseClass.java:51)
at java.base/jdk.internal.reflect.NativeMethodAccessorImpl.invoke0(Native Method)
at java.base/jdk.internal.reflect.NativeMethodAccessorImpl.invoke(NativeMethodAccessorImpl.java:64)
at java.base/jdk.internal.reflect.DelegatingMethodAccessorImpl.invoke(DelegatingMethodAccessorImpl.java:43)
at java.base/java.lang.reflect.Method.invoke(Method.java:564)
at org.testng.internal.MethodInvocationHelper.invokeMethod(MethodInvocationHelper.java:134)
at org.testng.internal.MethodInvocationHelper.invokeMethodConsideringTimeout(MethodInvocationHelper.java:63)
at org.testng.internal.ConfigInvoker.invokeConfigurationMethod(ConfigInvoker.java:348)
at org.testng.internal.ConfigInvoker.invokeConfigurations(ConfigInvoker.java:302)
at org.testng.internal.TestMethodWorker.invokeBeforeClassMethods(TestMethodWorker.java:176)
at org.testng.internal.TestMethodWorker.run(TestMethodWorker.java:122)
at java.base/java.util.ArrayList.forEach(ArrayList.java:1511)
at org.testng.TestRunner.privateRun(TestRunner.java:766)
at org.testng.TestRunner.run(TestRunner.java:587)
at org.testng.SuiteRunner.runTest(SuiteRunner.java:384)
at org.testng.SuiteRunner.runSequentially(SuiteRunner.java:378)
at org.testng.SuiteRunner.privateRun(SuiteRunner.java:337)
at org.testng.SuiteRunner.run(SuiteRunner.java:286)
at org.testng.SuiteRunnerWorker.runSuite(SuiteRunnerWorker.java:53)
at org.testng.SuiteRunnerWorker.run(SuiteRunnerWorker.java:96)
at org.testng.TestNG.runSuitesSequentially(TestNG.java:1187)
at org.testng.TestNG.runSuitesLocally(TestNG.java:1109)
at org.testng.TestNG.runSuites(TestNG.java:1039)
at org.testng.TestNG.run(TestNG.java:1007)
at org.apache.maven.surefire.testng.TestNGExecutor.run(TestNGExecutor.java:295)
at org.apache.maven.surefire.testng.TestNGXmlTestSuite.execute(TestNGXmlTestSuite.java:84)
at org.apache.maven.surefire.testng.TestNGProvider.invoke(TestNGProvider.java:90)
at org.apache.maven.surefire.booter.ForkedBooter.invokeProviderInSameClassLoader(ForkedBooter.java:203)
at org.apache.maven.surefire.booter.ForkedBooter.runSuitesInProcess(ForkedBooter.java:155)
at org.apache.maven.surefire.booter.ForkedBooter.main(ForkedBooter.java:103)
]]>
    </error>
  </testcase> <!-- setup -->
  <system-out/>
</testsuite> <!-- com.inetBanking.testCases.TC_LoginTest_001 -->
